This is pdfTeX, Version 3.14159265-2.6-1.40.19 (TeX Live 2018) (preloaded format=pdflatex 2018.11.29)  5 DEC 2018 10:12
entering extended mode
 restricted \write18 enabled.
 %&-line parsing enabled.
**document.tex
(./document.tex
LaTeX2e <2018-04-01> patch level 2
Babel <3.18> and hyphenation patterns for 84 language(s) loaded.
(/usr/local/texlive/2018/texmf-dist/tex/latex/base/article.cls
Document Class: article 2014/09/29 v1.4h Standard LaTeX document class
(/usr/local/texlive/2018/texmf-dist/tex/latex/base/size12.clo
File: size12.clo 2014/09/29 v1.4h Standard LaTeX file (size option)
)
\c@part=\count80
\c@section=\count81
\c@subsection=\count82
\c@subsubsection=\count83
\c@paragraph=\count84
\c@subparagraph=\count85
\c@figure=\count86
\c@table=\count87
\abovecaptionskip=\skip41
\belowcaptionskip=\skip42
\bibindent=\dimen102
)
(/usr/local/texlive/2018/texmf-dist/tex/latex/amsmath/amsmath.sty
Package: amsmath 2017/09/02 v2.17a AMS math features
\@mathmargin=\skip43

For additional information on amsmath, use the `?' option.
(/usr/local/texlive/2018/texmf-dist/tex/latex/amsmath/amstext.sty
Package: amstext 2000/06/29 v2.01 AMS text

(/usr/local/texlive/2018/texmf-dist/tex/latex/amsmath/amsgen.sty
File: amsgen.sty 1999/11/30 v2.0 generic functions
\@emptytoks=\toks14
\ex@=\dimen103
))
(/usr/local/texlive/2018/texmf-dist/tex/latex/amsmath/amsbsy.sty
Package: amsbsy 1999/11/29 v1.2d Bold Symbols
\pmbraise@=\dimen104
)
(/usr/local/texlive/2018/texmf-dist/tex/latex/amsmath/amsopn.sty
Package: amsopn 2016/03/08 v2.02 operator names
)
\inf@bad=\count88
LaTeX Info: Redefining \frac on input line 213.
\uproot@=\count89
\leftroot@=\count90
LaTeX Info: Redefining \overline on input line 375.
\classnum@=\count91
\DOTSCASE@=\count92
LaTeX Info: Redefining \ldots on input line 472.
LaTeX Info: Redefining \dots on input line 475.
LaTeX Info: Redefining \cdots on input line 596.
\Mathstrutbox@=\box26
\strutbox@=\box27
\big@size=\dimen105
LaTeX Font Info:    Redeclaring font encoding OML on input line 712.
LaTeX Font Info:    Redeclaring font encoding OMS on input line 713.
\macc@depth=\count93
\c@MaxMatrixCols=\count94
\dotsspace@=\muskip10
\c@parentequation=\count95
\dspbrk@lvl=\count96
\tag@help=\toks15
\row@=\count97
\column@=\count98
\maxfields@=\count99
\andhelp@=\toks16
\eqnshift@=\dimen106
\alignsep@=\dimen107
\tagshift@=\dimen108
\tagwidth@=\dimen109
\totwidth@=\dimen110
\lineht@=\dimen111
\@envbody=\toks17
\multlinegap=\skip44
\multlinetaggap=\skip45
\mathdisplay@stack=\toks18
LaTeX Info: Redefining \[ on input line 2817.
LaTeX Info: Redefining \] on input line 2818.
)
(/usr/local/texlive/2018/texmf-dist/tex/latex/amsfonts/amssymb.sty
Package: amssymb 2013/01/14 v3.01 AMS font symbols

(/usr/local/texlive/2018/texmf-dist/tex/latex/amsfonts/amsfonts.sty
Package: amsfonts 2013/01/14 v3.01 Basic AMSFonts support
\symAMSa=\mathgroup4
\symAMSb=\mathgroup5
LaTeX Font Info:    Overwriting math alphabet `\mathfrak' in version `bold'
(Font)                  U/euf/m/n --> U/euf/b/n on input line 106.
))
(/usr/local/texlive/2018/texmf-dist/tex/latex/graphics/graphicx.sty
Package: graphicx 2017/06/01 v1.1a Enhanced LaTeX Graphics (DPC,SPQR)

(/usr/local/texlive/2018/texmf-dist/tex/latex/graphics/keyval.sty
Package: keyval 2014/10/28 v1.15 key=value parser (DPC)
\KV@toks@=\toks19
)
(/usr/local/texlive/2018/texmf-dist/tex/latex/graphics/graphics.sty
Package: graphics 2017/06/25 v1.2c Standard LaTeX Graphics (DPC,SPQR)

(/usr/local/texlive/2018/texmf-dist/tex/latex/graphics/trig.sty
Package: trig 2016/01/03 v1.10 sin cos tan (DPC)
)
(/usr/local/texlive/2018/texmf-dist/tex/latex/graphics-cfg/graphics.cfg
File: graphics.cfg 2016/06/04 v1.11 sample graphics configuration
)
Package graphics Info: Driver file: dvips.def on input line 99.

(/usr/local/texlive/2018/texmf-dist/tex/latex/graphics-def/dvips.def
File: dvips.def 2017/06/20 v3.1d Graphics/color driver for dvips
))
\Gin@req@height=\dimen112
\Gin@req@width=\dimen113
)
(/usr/local/texlive/2018/texmf-dist/tex/latex/tools/indentfirst.sty
Package: indentfirst 1995/11/23 v1.03 Indent first paragraph (DPC)
)
(/usr/local/texlive/2018/texmf-dist/tex/latex/base/inputenc.sty
Package: inputenc 2018/04/06 v1.3b Input encoding file
\inpenc@prehook=\toks20
\inpenc@posthook=\toks21

(/usr/local/texlive/2018/texmf-dist/tex/latex/cyrillic/cp1251.def
File: cp1251.def 2014/10/28 v1.0d Input encoding file
))
(/usr/local/texlive/2018/texmf-dist/tex/generic/babel/babel.sty
Package: babel 2018/02/14 3.18 The Babel package

(/usr/local/texlive/2018/texmf-dist/tex/generic/babel/switch.def
File: switch.def 2018/02/14 3.18 Babel switching mechanism
)
(/usr/local/texlive/2018/texmf-dist/tex/generic/babel-russian/russianb.ldf
Language: russian 2017/08/12 1.3j Russian support for the Babel system

(/usr/local/texlive/2018/texmf-dist/tex/generic/babel/babel.def
File: babel.def 2018/02/14 3.18 Babel common definitions
\babel@savecnt=\count100
\U@D=\dimen114

(/usr/local/texlive/2018/texmf-dist/tex/generic/babel/txtbabel.def)
\bbl@dirlevel=\count101
)

Package babel Warning: No Cyrillic font encoding has been loaded so far.
(babel)                A font encoding should be declared before babel.
(babel)                Default `T2A' encoding will be loaded  on input line 74.


(/usr/local/texlive/2018/texmf-dist/tex/latex/cyrillic/t2aenc.def
File: t2aenc.def 2005/09/27 v1.0i Cyrillic encoding definition file
Now handling font encoding T2A ...
... processing UTF-8 mapping file for font encoding T2A

(/usr/local/texlive/2018/texmf-dist/tex/latex/base/t2aenc.dfu
File: t2aenc.dfu 2018/04/05 v1.2c UTF-8 support for inputenc
   defining Unicode char U+00A4 (decimal 164)
   defining Unicode char U+00A7 (decimal 167)
   defining Unicode char U+00AB (decimal 171)
   defining Unicode char U+00BB (decimal 187)
   defining Unicode char U+0131 (decimal 305)
   defining Unicode char U+0400 (decimal 1024)
   defining Unicode char U+0401 (decimal 1025)
   defining Unicode char U+0402 (decimal 1026)
   defining Unicode char U+0403 (decimal 1027)
   defining Unicode char U+0404 (decimal 1028)
   defining Unicode char U+0405 (decimal 1029)
   defining Unicode char U+0406 (decimal 1030)
   defining Unicode char U+0407 (decimal 1031)
   defining Unicode char U+0408 (decimal 1032)
   defining Unicode char U+0409 (decimal 1033)
   defining Unicode char U+040A (decimal 1034)
   defining Unicode char U+040B (decimal 1035)
   defining Unicode char U+040C (decimal 1036)
   defining Unicode char U+040D (decimal 1037)
   defining Unicode char U+040E (decimal 1038)
   defining Unicode char U+040F (decimal 1039)
   defining Unicode char U+0410 (decimal 1040)
   defining Unicode char U+0411 (decimal 1041)
   defining Unicode char U+0412 (decimal 1042)
   defining Unicode char U+0413 (decimal 1043)
   defining Unicode char U+0414 (decimal 1044)
   defining Unicode char U+0415 (decimal 1045)
   defining Unicode char U+0416 (decimal 1046)
   defining Unicode char U+0417 (decimal 1047)
   defining Unicode char U+0418 (decimal 1048)
   defining Unicode char U+0419 (decimal 1049)
   defining Unicode char U+041A (decimal 1050)
   defining Unicode char U+041B (decimal 1051)
   defining Unicode char U+041C (decimal 1052)
   defining Unicode char U+041D (decimal 1053)
   defining Unicode char U+041E (decimal 1054)
   defining Unicode char U+041F (decimal 1055)
   defining Unicode char U+0420 (decimal 1056)
   defining Unicode char U+0421 (decimal 1057)
   defining Unicode char U+0422 (decimal 1058)
   defining Unicode char U+0423 (decimal 1059)
   defining Unicode char U+0424 (decimal 1060)
   defining Unicode char U+0425 (decimal 1061)
   defining Unicode char U+0426 (decimal 1062)
   defining Unicode char U+0427 (decimal 1063)
   defining Unicode char U+0428 (decimal 1064)
   defining Unicode char U+0429 (decimal 1065)
   defining Unicode char U+042A (decimal 1066)
   defining Unicode char U+042B (decimal 1067)
   defining Unicode char U+042C (decimal 1068)
   defining Unicode char U+042D (decimal 1069)
   defining Unicode char U+042E (decimal 1070)
   defining Unicode char U+042F (decimal 1071)
   defining Unicode char U+0430 (decimal 1072)
   defining Unicode char U+0431 (decimal 1073)
   defining Unicode char U+0432 (decimal 1074)
   defining Unicode char U+0433 (decimal 1075)
   defining Unicode char U+0434 (decimal 1076)
   defining Unicode char U+0435 (decimal 1077)
   defining Unicode char U+0436 (decimal 1078)
   defining Unicode char U+0437 (decimal 1079)
   defining Unicode char U+0438 (decimal 1080)
   defining Unicode char U+0439 (decimal 1081)
   defining Unicode char U+043A (decimal 1082)
   defining Unicode char U+043B (decimal 1083)
   defining Unicode char U+043C (decimal 1084)
   defining Unicode char U+043D (decimal 1085)
   defining Unicode char U+043E (decimal 1086)
   defining Unicode char U+043F (decimal 1087)
   defining Unicode char U+0440 (decimal 1088)
   defining Unicode char U+0441 (decimal 1089)
   defining Unicode char U+0442 (decimal 1090)
   defining Unicode char U+0443 (decimal 1091)
   defining Unicode char U+0444 (decimal 1092)
   defining Unicode char U+0445 (decimal 1093)
   defining Unicode char U+0446 (decimal 1094)
   defining Unicode char U+0447 (decimal 1095)
   defining Unicode char U+0448 (decimal 1096)
   defining Unicode char U+0449 (decimal 1097)
   defining Unicode char U+044A (decimal 1098)
   defining Unicode char U+044B (decimal 1099)
   defining Unicode char U+044C (decimal 1100)
   defining Unicode char U+044D (decimal 1101)
   defining Unicode char U+044E (decimal 1102)
   defining Unicode char U+044F (decimal 1103)
   defining Unicode char U+0450 (decimal 1104)
   defining Unicode char U+0451 (decimal 1105)
   defining Unicode char U+0452 (decimal 1106)
   defining Unicode char U+0453 (decimal 1107)
   defining Unicode char U+0454 (decimal 1108)
   defining Unicode char U+0455 (decimal 1109)
   defining Unicode char U+0456 (decimal 1110)
   defining Unicode char U+0457 (decimal 1111)
   defining Unicode char U+0458 (decimal 1112)
   defining Unicode char U+0459 (decimal 1113)
   defining Unicode char U+045A (decimal 1114)
   defining Unicode char U+045B (decimal 1115)
   defining Unicode char U+045C (decimal 1116)
   defining Unicode char U+045D (decimal 1117)
   defining Unicode char U+045E (decimal 1118)
   defining Unicode char U+045F (decimal 1119)
   defining Unicode char U+0490 (decimal 1168)
   defining Unicode char U+0491 (decimal 1169)
   defining Unicode char U+0492 (decimal 1170)
   defining Unicode char U+0493 (decimal 1171)
   defining Unicode char U+0496 (decimal 1174)
   defining Unicode char U+0497 (decimal 1175)
   defining Unicode char U+0498 (decimal 1176)
   defining Unicode char U+0499 (decimal 1177)
   defining Unicode char U+049A (decimal 1178)
   defining Unicode char U+049B (decimal 1179)
   defining Unicode char U+049C (decimal 1180)
   defining Unicode char U+049D (decimal 1181)
   defining Unicode char U+04A0 (decimal 1184)
   defining Unicode char U+04A1 (decimal 1185)
   defining Unicode char U+04A2 (decimal 1186)
   defining Unicode char U+04A3 (decimal 1187)
   defining Unicode char U+04A4 (decimal 1188)
   defining Unicode char U+04A5 (decimal 1189)
   defining Unicode char U+04AA (decimal 1194)
   defining Unicode char U+04AB (decimal 1195)
   defining Unicode char U+04AE (decimal 1198)
   defining Unicode char U+04AF (decimal 1199)
   defining Unicode char U+04B0 (decimal 1200)
   defining Unicode char U+04B1 (decimal 1201)
   defining Unicode char U+04B2 (decimal 1202)
   defining Unicode char U+04B3 (decimal 1203)
   defining Unicode char U+04B6 (decimal 1206)
   defining Unicode char U+04B7 (decimal 1207)
   defining Unicode char U+04B8 (decimal 1208)
   defining Unicode char U+04B9 (decimal 1209)
   defining Unicode char U+04BA (decimal 1210)
   defining Unicode char U+04BB (decimal 1211)
   defining Unicode char U+04C0 (decimal 1216)
   defining Unicode char U+04C1 (decimal 1217)
   defining Unicode char U+04C2 (decimal 1218)
   defining Unicode char U+04D0 (decimal 1232)
   defining Unicode char U+04D1 (decimal 1233)
   defining Unicode char U+04D2 (decimal 1234)
   defining Unicode char U+04D3 (decimal 1235)
   defining Unicode char U+04D4 (decimal 1236)
   defining Unicode char U+04D5 (decimal 1237)
   defining Unicode char U+04D6 (decimal 1238)
   defining Unicode char U+04D7 (decimal 1239)
   defining Unicode char U+04D8 (decimal 1240)
   defining Unicode char U+04D9 (decimal 1241)
   defining Unicode char U+04DA (decimal 1242)
   defining Unicode char U+04DB (decimal 1243)
   defining Unicode char U+04DC (decimal 1244)
   defining Unicode char U+04DD (decimal 1245)
   defining Unicode char U+04DE (decimal 1246)
   defining Unicode char U+04DF (decimal 1247)
   defining Unicode char U+04E2 (decimal 1250)
   defining Unicode char U+04E3 (decimal 1251)
   defining Unicode char U+04E4 (decimal 1252)
   defining Unicode char U+04E5 (decimal 1253)
   defining Unicode char U+04E6 (decimal 1254)
   defining Unicode char U+04E7 (decimal 1255)
   defining Unicode char U+04E8 (decimal 1256)
   defining Unicode char U+04E9 (decimal 1257)
   defining Unicode char U+04EC (decimal 1260)
   defining Unicode char U+04ED (decimal 1261)
   defining Unicode char U+04EE (decimal 1262)
   defining Unicode char U+04EF (decimal 1263)
   defining Unicode char U+04F0 (decimal 1264)
   defining Unicode char U+04F1 (decimal 1265)
   defining Unicode char U+04F2 (decimal 1266)
   defining Unicode char U+04F3 (decimal 1267)
   defining Unicode char U+04F4 (decimal 1268)
   defining Unicode char U+04F5 (decimal 1269)
   defining Unicode char U+04F8 (decimal 1272)
   defining Unicode char U+04F9 (decimal 1273)
   defining Unicode char U+200C (decimal 8204)
   defining Unicode char U+2013 (decimal 8211)
   defining Unicode char U+2014 (decimal 8212)
   defining Unicode char U+2018 (decimal 8216)
   defining Unicode char U+2019 (decimal 8217)
   defining Unicode char U+201C (decimal 8220)
   defining Unicode char U+201D (decimal 8221)
   defining Unicode char U+201E (decimal 8222)
   defining Unicode char U+2030 (decimal 8240)
   defining Unicode char U+2031 (decimal 8241)
   defining Unicode char U+2116 (decimal 8470)
   defining Unicode char U+2329 (decimal 9001)
   defining Unicode char U+232A (decimal 9002)
   defining Unicode char U+2423 (decimal 9251)
))
Package babel Info: Making " an active character on input line 120.
Package babel Info: Default for \cyrdash is provided on input line 157.
))
(/usr/local/texlive/2018/texmf-dist/tex/latex/caption/caption.sty
Package: caption 2016/02/21 v3.3-144 Customizing captions (AR)

(/usr/local/texlive/2018/texmf-dist/tex/latex/caption/caption3.sty
Package: caption3 2016/05/22 v1.7-166 caption3 kernel (AR)
Package caption3 Info: TeX engine: e-TeX on input line 67.
\captionmargin=\dimen115
\captionmargin@=\dimen116
\captionwidth=\dimen117
\caption@tempdima=\dimen118
\caption@indent=\dimen119
\caption@parindent=\dimen120
\caption@hangindent=\dimen121
)
\c@ContinuedFloat=\count102
)
(/usr/local/texlive/2018/texmf-dist/tex/latex/graphics/rotating.sty
Package: rotating 2016/08/11 v2.16d rotated objects in LaTeX

(/usr/local/texlive/2018/texmf-dist/tex/latex/base/ifthen.sty
Package: ifthen 2014/09/29 v1.1c Standard LaTeX ifthen package (DPC)
)
\c@r@tfl@t=\count103
\rotFPtop=\skip46
\rotFPbot=\skip47
\rot@float@box=\box28
\rot@mess@toks=\toks22
)
(/usr/local/texlive/2018/texmf-dist/tex/latex/tools/longtable.sty
Package: longtable 2014/10/28 v4.11 Multi-page Table package (DPC)
\LTleft=\skip48
\LTright=\skip49
\LTpre=\skip50
\LTpost=\skip51
\LTchunksize=\count104
\LTcapwidth=\dimen122
\LT@head=\box29
\LT@firsthead=\box30
\LT@foot=\box31
\LT@lastfoot=\box32
\LT@cols=\count105
\LT@rows=\count106
\c@LT@tables=\count107
\c@LT@chunks=\count108
\LT@p@ftn=\toks23
)
(/usr/local/texlive/2018/texmf-dist/tex/latex/tools/hhline.sty
Package: hhline 2014/10/28 v2.03 Table rule package (DPC)
)
\c@remark=\count109
\c@thm=\count110
\c@lem=\count111
\c@corollary=\count112
 (./document.aux)
\openout1 = `document.aux'.

LaTeX Font Info:    Checking defaults for OML/cmm/m/it on input line 39.
LaTeX Font Info:    ... okay on input line 39.
LaTeX Font Info:    Checking defaults for T1/cmr/m/n on input line 39.
LaTeX Font Info:    ... okay on input line 39.
LaTeX Font Info:    Checking defaults for OT1/cmr/m/n on input line 39.
LaTeX Font Info:    ... okay on input line 39.
LaTeX Font Info:    Checking defaults for OMS/cmsy/m/n on input line 39.
LaTeX Font Info:    ... okay on input line 39.
LaTeX Font Info:    Checking defaults for OMX/cmex/m/n on input line 39.
LaTeX Font Info:    ... okay on input line 39.
LaTeX Font Info:    Checking defaults for U/cmr/m/n on input line 39.
LaTeX Font Info:    ... okay on input line 39.
LaTeX Font Info:    Checking defaults for T2A/cmr/m/n on input line 39.
LaTeX Font Info:    Try loading font information for T2A+cmr on input line 39.
 (/usr/local/texlive/2018/texmf-dist/tex/latex/cyrillic/t2acmr.fd
File: t2acmr.fd 2001/08/11 v1.0a Computer Modern Cyrillic font definitions
)
LaTeX Font Info:    ... okay on input line 39.
Package caption Info: Begin \AtBeginDocument code.
Package caption Info: longtable package is loaded.

(/usr/local/texlive/2018/texmf-dist/tex/latex/caption/ltcaption.sty
Package: ltcaption 2013/06/09 v1.4-94 longtable captions (AR)
)
Package caption Info: rotating package is loaded.
Package caption Info: End \AtBeginDocument code.

! Missing $ inserted.
<inserted text> 
                $
l.42 		{\bf –°–∏—Å—Ç–µ
                      –º–∞ –º–∞—Å—Å–æ–≤–æ–≥–æ –æ–±—Å–ª—É–∂–∏–≤–∞–Ω–∏—è $MMAP...
I've inserted a begin-math/end-math symbol since I think
you left one out. Proceed, with fingers crossed.

LaTeX Font Info:    Try loading font information for U+msa on input line 42.
(/usr/local/texlive/2018/texmf-dist/tex/latex/amsfonts/umsa.fd
File: umsa.fd 2013/01/14 v3.01 AMS symbols A
)
LaTeX Font Info:    Try loading font information for U+msb on input line 42.

(/usr/local/texlive/2018/texmf-dist/tex/latex/amsfonts/umsb.fd
File: umsb.fd 2013/01/14 v3.01 AMS symbols B
)

LaTeX Warning: Command \CYRR invalid in math mode on input line 42.


LaTeX Warning: Command \cyrje invalid in math mode on input line 42.


LaTeX Warning: Command \CYRR invalid in math mode on input line 42.


LaTeX Warning: Command \textdegree invalid in math mode on input line 42.


LaTeX Warning: Command \CYRR invalid in math mode on input line 42.


LaTeX Warning: Command \cyrje invalid in math mode on input line 42.


LaTeX Warning: Command \CYRR invalid in math mode on input line 42.


LaTeX Warning: Command \textdegree invalid in math mode on input line 42.


LaTeX Warning: Command \CYRS invalid in math mode on input line 42.


LaTeX Warning: Command \' invalid in math mode on input line 42.

! Please use \mathaccent for accents in math mode.
\add@accent ...@spacefactor \spacefactor }\accent 
                                                  #1 #2\egroup \spacefactor ...
l.42 		{\bf –°–∏—Å—Ç–µ–º–∞ –º–∞—Å
                                 —Å–æ–≤–æ–≥–æ –æ–±—Å–ª—É–∂–∏–≤–∞–Ω–∏—è $MMAP...
I'm changing \accent to \mathaccent here; wish me luck.
(Accents are not the same in formulas as they are in text.)

! Missing { inserted.
<to be read again> 
                   \begingroup 
l.42 		{\bf –°–∏—Å—Ç–µ–º–∞ –º–∞—Å
                                 —Å–æ–≤–æ–≥–æ –æ–±—Å–ª—É–∂–∏–≤–∞–Ω–∏—è $MMAP...
A left brace was mandatory here, so I've put one in.
You might want to delete and/or insert some corrections
so that I will find a matching right brace soon.
(If you're confused by all this, try typing `I}' now.)


LaTeX Warning: Command \CYRG invalid in math mode on input line 42.

! You can't use `\spacefactor' in math mode.
\add@accent ...}\accent #1 #2\egroup \spacefactor 
                                                  \accent@spacefactor 
l.42 		{\bf –°–∏—Å—Ç–µ–º–∞ –º–∞—Å
                                 —Å–æ–≤–æ–≥–æ –æ–±—Å–ª—É–∂–∏–≤–∞–Ω–∏—è $MMAP...
Sorry, but I'm not programmed to handle this case;
I'll just pretend that you didn't ask for it.
If you're in the wrong mode, you might be able to
return to the right one by typing `I}' or `I$' or `I\par'.


LaTeX Warning: Command \CYRS invalid in math mode on input line 42.


LaTeX Warning: Command \' invalid in math mode on input line 42.

! Please use \mathaccent for accents in math mode.
\add@accent ...@spacefactor \spacefactor }\accent 
                                                  #1 #2\egroup \spacefactor ...
l.42 		{\bf –°–∏—Å—Ç–µ–º–∞ –º–∞—Å—Å
                                   –æ–≤–æ–≥–æ –æ–±—Å–ª—É–∂–∏–≤–∞–Ω–∏—è $MMAP...
I'm changing \accent to \mathaccent here; wish me luck.
(Accents are not the same in formulas as they are in text.)

! Missing { inserted.
<to be read again> 
                   \begingroup 
l.42 		{\bf –°–∏—Å—Ç–µ–º–∞ –º–∞—Å—Å
                                   –æ–≤–æ–≥–æ –æ–±—Å–ª—É–∂–∏–≤–∞–Ω–∏—è $MMAP...
A left brace was mandatory here, so I've put one in.
You might want to delete and/or insert some corrections
so that I will find a matching right brace soon.
(If you're confused by all this, try typing `I}' now.)


LaTeX Warning: Command \CYRG invalid in math mode on input line 42.

! You can't use `\spacefactor' in math mode.
\add@accent ...}\accent #1 #2\egroup \spacefactor 
                                                  \accent@spacefactor 
l.42 		{\bf –°–∏—Å—Ç–µ–º–∞ –º–∞—Å—Å
                                   –æ–≤–æ–≥–æ –æ–±—Å–ª—É–∂–∏–≤–∞–Ω–∏—è $MMAP...
Sorry, but I'm not programmed to handle this case;
I'll just pretend that you didn't ask for it.
If you're in the wrong mode, you might be able to
return to the right one by typing `I}' or `I$' or `I\par'.


LaTeX Warning: Command \CYRR invalid in math mode on input line 42.


LaTeX Warning: Command \cyrdze invalid in math mode on input line 42.


LaTeX Warning: Command \CYRR invalid in math mode on input line 42.


LaTeX Warning: Command \CYRII invalid in math mode on input line 42.


LaTeX Warning: Command \CYRR invalid in math mode on input line 42.


LaTeX Warning: Command \cyrdze invalid in math mode on input line 42.


LaTeX Warning: Command \CYRR invalid in math mode on input line 42.


LaTeX Warning: Command \cyrii invalid in math mode on input line 42.


LaTeX Warning: Command \CYRR invalid in math mode on input line 42.


LaTeX Warning: Command \cyrdze invalid in math mode on input line 42.


LaTeX Warning: Command \CYRR invalid in math mode on input line 42.


LaTeX Warning: Command \cyrdze invalid in math mode on input line 42.


LaTeX Warning: Command \CYRR invalid in math mode on input line 42.


LaTeX Warning: Command \CYRS invalid in math mode on input line 42.


LaTeX Warning: Command \' invalid in math mode on input line 42.

! Please use \mathaccent for accents in math mode.
\add@accent ...@spacefactor \spacefactor }\accent 
                                                  #1 #2\egroup \spacefactor ...
l.42 ...f –°–∏—Å—Ç–µ–º–∞ –º–∞—Å—Å–æ–≤–æ–≥–æ –æ–±—Å
                                                  –ª—É–∂–∏–≤–∞–Ω–∏—è $MMAP/M...
I'm changing \accent to \mathaccent here; wish me luck.
(Accents are not the same in formulas as they are in text.)

! Missing { inserted.
<to be read again> 
                   \begingroup 
l.42 ...f –°–∏—Å—Ç–µ–º–∞ –º–∞—Å—Å–æ–≤–æ–≥–æ –æ–±—Å
                                                  –ª—É–∂–∏–≤–∞–Ω–∏—è $MMAP/M...
A left brace was mandatory here, so I've put one in.
You might want to delete and/or insert some corrections
so that I will find a matching right brace soon.
(If you're confused by all this, try typing `I}' now.)


LaTeX Warning: Command \CYRG invalid in math mode on input line 42.

! You can't use `\spacefactor' in math mode.
\add@accent ...}\accent #1 #2\egroup \spacefactor 
                                                  \accent@spacefactor 
l.42 ...f –°–∏—Å—Ç–µ–º–∞ –º–∞—Å—Å–æ–≤–æ–≥–æ –æ–±—Å
                                                  –ª—É–∂–∏–≤–∞–Ω–∏—è $MMAP/M...
Sorry, but I'm not programmed to handle this case;
I'll just pretend that you didn't ask for it.
If you're in the wrong mode, you might be able to
return to the right one by typing `I}' or `I$' or `I\par'.


LaTeX Warning: Command \CYRR invalid in math mode on input line 42.


LaTeX Warning: Command \guillemotright invalid in math mode on input line 42.


LaTeX Warning: Command \CYRS invalid in math mode on input line 42.


LaTeX Warning: Command \' invalid in math mode on input line 42.

! Please use \mathaccent for accents in math mode.
\add@accent ...@spacefactor \spacefactor }\accent 
                                                  #1 #2\egroup \spacefactor ...
l.42 ...–∏—Å—Ç–µ–º–∞ –º–∞—Å—Å–æ–≤–æ–≥–æ –æ–±—Å–ª—É
                                                  –∂–∏–≤–∞–Ω–∏—è $MMAP/M_1,M...
I'm changing \accent to \mathaccent here; wish me luck.
(Accents are not the same in formulas as they are in text.)

! Missing { inserted.
<to be read again> 
                   \begingroup 
l.42 ...–∏—Å—Ç–µ–º–∞ –º–∞—Å—Å–æ–≤–æ–≥–æ –æ–±—Å–ª—É
                                                  –∂–∏–≤–∞–Ω–∏—è $MMAP/M_1,M...
A left brace was mandatory here, so I've put one in.
You might want to delete and/or insert some corrections
so that I will find a matching right brace soon.
(If you're confused by all this, try typing `I}' now.)


LaTeX Warning: Command \cyrg invalid in math mode on input line 42.

! You can't use `\spacefactor' in math mode.
\add@accent ...}\accent #1 #2\egroup \spacefactor 
                                                  \accent@spacefactor 
l.42 ...–∏—Å—Ç–µ–º–∞ –º–∞—Å—Å–æ–≤–æ–≥–æ –æ–±—Å–ª—É
                                                  –∂–∏–≤–∞–Ω–∏—è $MMAP/M_1,M...
Sorry, but I'm not programmed to handle this case;
I'll just pretend that you didn't ask for it.
If you're in the wrong mode, you might be able to
return to the right one by typing `I}' or `I$' or `I\par'.


LaTeX Warning: Command \CYRR invalid in math mode on input line 42.


LaTeX Warning: Command \CYRR invalid in math mode on input line 42.


LaTeX Warning: Command \cyryo invalid in math mode on input line 42.


LaTeX Warning: Command \CYRR invalid in math mode on input line 42.


LaTeX Warning: Command \CYRII invalid in math mode on input line 42.


LaTeX Warning: Command \CYRR invalid in math mode on input line 42.


LaTeX Warning: Command \textdegree invalid in math mode on input line 42.


LaTeX Warning: Command \CYRR invalid in math mode on input line 42.


LaTeX Warning: Command \CYRDZE invalid in math mode on input line 42.


LaTeX Warning: Command \CYRR invalid in math mode on input line 42.


LaTeX Warning: Command \cyryo invalid in math mode on input line 42.


LaTeX Warning: Command \CYRS invalid in math mode on input line 42.


LaTeX Warning: Command \CYRDZHE invalid in math mode on input line 42.

! Missing } inserted.
<inserted text> 
                }
l.42 ...∞—Å—Å–æ–≤–æ–≥–æ –æ–±—Å–ª—É–∂–∏–≤–∞–Ω–∏—è $
                                                  MMAP/M_1,M_2/N/0$}
I've inserted something that you may have forgotten.
(See the <inserted text> above.)
With luck, this will get me unwedged. But if you
really didn't forget anything, try typing `2' now; then
my insertion and my current dilemma will both disappear.

! Missing } inserted.
<inserted text> 
                }
l.42 ...∞—Å—Å–æ–≤–æ–≥–æ –æ–±—Å–ª—É–∂–∏–≤–∞–Ω–∏—è $
                                                  MMAP/M_1,M_2/N/0$}
I've inserted something that you may have forgotten.
(See the <inserted text> above.)
With luck, this will get me unwedged. But if you
really didn't forget anything, try typing `2' now; then
my insertion and my current dilemma will both disappear.

! Missing } inserted.
<inserted text> 
                }
l.42 ...∞—Å—Å–æ–≤–æ–≥–æ –æ–±—Å–ª—É–∂–∏–≤–∞–Ω–∏—è $
                                                  MMAP/M_1,M_2/N/0$}
I've inserted something that you may have forgotten.
(See the <inserted text> above.)
With luck, this will get me unwedged. But if you
really didn't forget anything, try typing `2' now; then
my insertion and my current dilemma will both disappear.

! Missing } inserted.
<inserted text> 
                }
l.42 ...∞—Å—Å–æ–≤–æ–≥–æ –æ–±—Å–ª—É–∂–∏–≤–∞–Ω–∏—è $
                                                  MMAP/M_1,M_2/N/0$}
I've inserted something that you may have forgotten.
(See the <inserted text> above.)
With luck, this will get me unwedged. But if you
really didn't forget anything, try typing `2' now; then
my insertion and my current dilemma will both disappear.

Missing character: There is no – in font cmr12!
Missing character: There is no – in font cmr12!
Missing character: There is no – in font cmr12!
Missing character: There is no – in font cmr12!
Missing character: There is no — in font cmr12!
Missing character: There is no √ in font cmr12!
Missing character: There is no Á in font cmex10!
Missing character: There is no — in font cmr12!
Missing character: There is no √ in font cmr12!
Missing character: There is no Á in font cmex10!
Missing character: There is no – in font cmr12!
Missing character: There is no Ø in font cmr12!
Missing character: There is no – in font cmr12!
Missing character: There is no – in font cmr12!
Missing character: There is no Ø in font cmr12!
Missing character: There is no – in font cmr12!
Missing character: There is no – in font cmr12!
Missing character: There is no Ø in font cmr12!
Missing character: There is no – in font cmr12!
Missing character: There is no Ø in font cmr12!
Missing character: There is no – in font cmr12!
Missing character: There is no — in font cmr12!
Missing character: There is no √ in font cmr12!
Missing character: There is no Á in font cmex10!
Missing character: There is no – in font cmr12!
Missing character: There is no ø in font cmr12!
Missing character: There is no — in font cmr12!
Missing character: There is no „ in font cmr12!
Missing character: There is no Ë in font cmex10!
Missing character: There is no – in font cmr12!
Missing character: There is no – in font cmr12!
Missing character: There is no º in font cmr12!
Missing character: There is no – in font cmr12!
Missing character: There is no – in font cmr12!
Missing character: There is no – in font cmr12!
Missing character: There is no è in font cmr12!
Missing character: There is no – in font cmr12!
Missing character: There is no º in font cmr12!
Missing character: There is no — in font cmr12!
Missing character: There is no ñ in font cmr12!
! Missing $ inserted.
<inserted text> 
                $
l.42 ...–≤–æ–≥–æ –æ–±—Å–ª—É–∂–∏–≤–∞–Ω–∏—è $MMAP/M_
                                                  1,M_2/N/0$}
I've inserted a begin-math/end-math symbol since I think
you left one out. Proceed, with fingers crossed.

! Missing $ inserted.
<inserted text> 
                $
l.46 	\section{ –û–ø–∏—Å–∞–Ω–∏–µ —Å–∏—Å—Ç–µ–º—ã}
                                                
I've inserted a begin-math/end-math symbol since I think
you left one out. Proceed, with fingers crossed.


LaTeX Warning: Command \CYRS invalid in math mode on input line 46.


LaTeX Warning: Command \' invalid in math mode on input line 46.

! Please use \mathaccent for accents in math mode.
\add@accent ...@spacefactor \spacefactor }\accent 
                                                  #1 #2\egroup \spacefactor ...
l.46 	\section{ –û–ø–∏—Å–∞–Ω–∏–µ —Å–∏—Å—Ç–µ–º—ã}
                                                
I'm changing \accent to \mathaccent here; wish me luck.
(Accents are not the same in formulas as they are in text.)

! Missing { inserted.
<to be read again> 
                   \begingroup 
l.46 	\section{ –û–ø–∏—Å–∞–Ω–∏–µ —Å–∏—Å—Ç–µ–º—ã}
                                                
A left brace was mandatory here, so I've put one in.
You might want to delete and/or insert some corrections
so that I will find a matching right brace soon.
(If you're confused by all this, try typing `I}' now.)


LaTeX Warning: Command \CYRG invalid in math mode on input line 46.

! You can't use `\spacefactor' in math mode.
\add@accent ...}\accent #1 #2\egroup \spacefactor 
                                                  \accent@spacefactor 
l.46 	\section{ –û–ø–∏—Å–∞–Ω–∏–µ —Å–∏—Å—Ç–µ–º—ã}
                                                
Sorry, but I'm not programmed to handle this case;
I'll just pretend that you didn't ask for it.
If you're in the wrong mode, you might be able to
return to the right one by typing `I}' or `I$' or `I\par'.


LaTeX Warning: Command \CYRR invalid in math mode on input line 46.


LaTeX Warning: Command \cyryo invalid in math mode on input line 46.


LaTeX Warning: Command \CYRS invalid in math mode on input line 46.


LaTeX Warning: Command \' invalid in math mode on input line 46.

! Please use \mathaccent for accents in math mode.
\add@accent ...@spacefactor \spacefactor }\accent 
                                                  #1 #2\egroup \spacefactor ...
l.46 	\section{ –û–ø–∏—Å–∞–Ω–∏–µ —Å–∏—Å—Ç–µ–º—ã}
                                                
I'm changing \accent to \mathaccent here; wish me luck.
(Accents are not the same in formulas as they are in text.)

! Missing { inserted.
<to be read again> 
                   \begingroup 
l.46 	\section{ –û–ø–∏—Å–∞–Ω–∏–µ —Å–∏—Å—Ç–µ–º—ã}
                                                
A left brace was mandatory here, so I've put one in.
You might want to delete and/or insert some corrections
so that I will find a matching right brace soon.
(If you're confused by all this, try typing `I}' now.)


LaTeX Warning: Command \CYRG invalid in math mode on input line 46.

! You can't use `\spacefactor' in math mode.
\add@accent ...}\accent #1 #2\egroup \spacefactor 
                                                  \accent@spacefactor 
l.46 	\section{ –û–ø–∏—Å–∞–Ω–∏–µ —Å–∏—Å—Ç–µ–º—ã}
                                                
Sorry, but I'm not programmed to handle this case;
I'll just pretend that you didn't ask for it.
If you're in the wrong mode, you might be able to
return to the right one by typing `I}' or `I$' or `I\par'.


LaTeX Warning: Command \CYRS invalid in math mode on input line 46.


LaTeX Warning: Command \quotesinglbase invalid in math mode on input line 46.


LaTeX Warning: Command \quotesinglbase invalid in math mode on input line 46.

! Improper \spacefactor.
\save@sf@q ...@SF {\spacefactor \the \spacefactor 
                                                  }#1\@SF \endgroup 
l.46 	\section{ –û–ø–∏—Å–∞–Ω–∏–µ —Å–∏—Å—Ç–µ–º—ã}
                                                
You can refer to \spacefactor only in horizontal mode;
you can refer to \prevdepth only in vertical mode; and
neither of these is meaningful inside \write. So
I'm forgetting what you said and using zero instead.

! You can't use `\spacefactor' in math mode.
\@SF ->\spacefactor 
                    0
l.46 	\section{ –û–ø–∏—Å–∞–Ω–∏–µ —Å–∏—Å—Ç–µ–º—ã}
                                                
Sorry, but I'm not programmed to handle this case;
I'll just pretend that you didn't ask for it.
If you're in the wrong mode, you might be able to
return to the right one by typing `I}' or `I$' or `I\par'.


LaTeX Warning: Command \CYRR invalid in math mode on input line 46.


! LaTeX Error: Command \CYRR unavailable in encoding OT1.

See the LaTeX manual or LaTeX Companion for explanation.
Type  H <return>  for immediate help.
 ...                                              
                                                  
l.46 	\section{ –û–ø–∏—Å–∞–Ω–∏–µ —Å–∏—Å—Ç–µ–º—ã}
                                                
Your command was ignored.
Type  I <command> <return>  to replace it with another command,
or  <return>  to continue without it.


LaTeX Warning: Command \CYRR invalid in math mode on input line 46.


! LaTeX Error: Command \CYRR unavailable in encoding OT1.

See the LaTeX manual or LaTeX Companion for explanation.
Type  H <return>  for immediate help.
 ...                                              
                                                  
l.46 	\section{ –û–ø–∏—Å–∞–Ω–∏–µ —Å–∏—Å—Ç–µ–º—ã}
                                                
Your command was ignored.
Type  I <command> <return>  to replace it with another command,
or  <return>  to continue without it.


LaTeX Warning: Command \cyrje invalid in math mode on input line 46.


! LaTeX Error: Command \cyrje unavailable in encoding OT1.

See the LaTeX manual or LaTeX Companion for explanation.
Type  H <return>  for immediate help.
 ...                                              
                                                  
l.46 	\section{ –û–ø–∏—Å–∞–Ω–∏–µ —Å–∏—Å—Ç–µ–º—ã}
                                                
Your command was ignored.
Type  I <command> <return>  to replace it with another command,
or  <return>  to continue without it.


LaTeX Warning: Command \CYRS invalid in math mode on input line 46.


! LaTeX Error: Command \CYRS unavailable in encoding OT1.

See the LaTeX manual or LaTeX Companion for explanation.
Type  H <return>  for immediate help.
 ...                                              
                                                  
l.46 	\section{ –û–ø–∏—Å–∞–Ω–∏–µ —Å–∏—Å—Ç–µ–º—ã}
                                                
Your command was ignored.
Type  I <command> <return>  to replace it with another command,
or  <return>  to continue without it.


LaTeX Warning: Command \guilsinglleft invalid in math mode on input line 46.

! Missing $ inserted.
<inserted text> 
                $
l.46 	\section{ –û–ø–∏—Å–∞–Ω–∏–µ —Å–∏—Å—Ç–µ–º—ã}
                                                
I've inserted a begin-math/end-math symbol since I think
you left one out. Proceed, with fingers crossed.

! Missing } inserted.
<inserted text> 
                }
l.46 	\section{ –û–ø–∏—Å–∞–Ω–∏–µ —Å–∏—Å—Ç–µ–º—ã}
                                                
I've inserted something that you may have forgotten.
(See the <inserted text> above.)
With luck, this will get me unwedged. But if you
really didn't forget anything, try typing `2' now; then
my insertion and my current dilemma will both disappear.

! Missing } inserted.
<inserted text> 
                }
l.46 	\section{ –û–ø–∏—Å–∞–Ω–∏–µ —Å–∏—Å—Ç–µ–º—ã}
                                                
I've inserted something that you may have forgotten.
(See the <inserted text> above.)
With luck, this will get me unwedged. But if you
really didn't forget anything, try typing `2' now; then
my insertion and my current dilemma will both disappear.

Missing character: There is no — in font cmr17!
Missing character: There is no √ in font cmr17!
Missing character: There is no Á in font cmex10!
Missing character: There is no – in font cmr17!
Missing character: There is no º in font cmr17!
Missing character: There is no — in font cmr17!
Missing character: There is no √ in font cmr17!
Missing character: There is no Á in font cmex10!
Missing character: There is no — in font cmr17!
! Missing $ inserted.
<inserted text> 
                $
l.48 	–†–∞—Å—Å–º–∞—Ç—Ä–∏–≤–∞–µ
                              —Ç—Å—è $N$-–ª–∏–Ω–µ–π–Ω–∞—è —Å–∏—Å—Ç–µ–º–∞ –º–...
I've inserted a begin-math/end-math symbol since I think
you left one out. Proceed, with fingers crossed.


LaTeX Warning: Command \CYRS invalid in math mode on input line 48.


LaTeX Warning: Command \quotesinglbase invalid in math mode on input line 48.


LaTeX Warning: Command \quotesinglbase invalid in math mode on input line 48.

! Improper \spacefactor.
\save@sf@q ...@SF {\spacefactor \the \spacefactor 
                                                  }#1\@SF \endgroup 
l.48 	–†–∞—Å—Å–º–∞—Ç—Ä–∏–≤–∞–µ—Ç
                                —Å—è $N$-–ª–∏–Ω–µ–π–Ω–∞—è —Å–∏—Å—Ç–µ–º–∞ –º–...
You can refer to \spacefactor only in horizontal mode;
you can refer to \prevdepth only in vertical mode; and
neither of these is meaningful inside \write. So
I'm forgetting what you said and using zero instead.

! You can't use `\spacefactor' in math mode.
\@SF ->\spacefactor 
                    0
l.48 	–†–∞—Å—Å–º–∞—Ç—Ä–∏–≤–∞–µ—Ç
                                —Å—è $N$-–ª–∏–Ω–µ–π–Ω–∞—è —Å–∏—Å—Ç–µ–º–∞ –º–...
Sorry, but I'm not programmed to handle this case;
I'll just pretend that you didn't ask for it.
If you're in the wrong mode, you might be able to
return to the right one by typing `I}' or `I$' or `I\par'.


LaTeX Warning: Command \CYRS invalid in math mode on input line 48.


LaTeX Warning: Command \' invalid in math mode on input line 48.

! Please use \mathaccent for accents in math mode.
\add@accent ...@spacefactor \spacefactor }\accent 
                                                  #1 #2\egroup \spacefactor ...
l.48 	–†–∞—Å—Å–º–∞—Ç—Ä–∏–≤–∞–µ—Ç—Å
                                  —è $N$-–ª–∏–Ω–µ–π–Ω–∞—è —Å–∏—Å—Ç–µ–º–∞ –º–...
I'm changing \accent to \mathaccent here; wish me luck.
(Accents are not the same in formulas as they are in text.)

! Missing { inserted.
<to be read again> 
                   \begingroup 
l.48 	–†–∞—Å—Å–º–∞—Ç—Ä–∏–≤–∞–µ—Ç—Å
                                  —è $N$-–ª–∏–Ω–µ–π–Ω–∞—è —Å–∏—Å—Ç–µ–º–∞ –º–...
A left brace was mandatory here, so I've put one in.
You might want to delete and/or insert some corrections
so that I will find a matching right brace soon.
(If you're confused by all this, try typing `I}' now.)


LaTeX Warning: Command \CYRG invalid in math mode on input line 48.

! You can't use `\spacefactor' in math mode.
\add@accent ...}\accent #1 #2\egroup \spacefactor 
                                                  \accent@spacefactor 
l.48 	–†–∞—Å—Å–º–∞—Ç—Ä–∏–≤–∞–µ—Ç—Å
                                  —è $N$-–ª–∏–Ω–µ–π–Ω–∞—è —Å–∏—Å—Ç–µ–º–∞ –º–...
Sorry, but I'm not programmed to handle this case;
I'll just pretend that you didn't ask for it.
If you're in the wrong mode, you might be able to
return to the right one by typing `I}' or `I$' or `I\par'.


LaTeX Warning: Command \CYRS invalid in math mode on input line 48.


LaTeX Warning: Command \CYRDZHE invalid in math mode on input line 48.

! Missing } inserted.
<inserted text> 
                }
l.48 	–†–∞—Å—Å–º–∞—Ç—Ä–∏–≤–∞–µ—Ç—Å—è $
                                      N$-–ª–∏–Ω–µ–π–Ω–∞—è —Å–∏—Å—Ç–µ–º–∞ –º–...
I've inserted something that you may have forgotten.
(See the <inserted text> above.)
With luck, this will get me unwedged. But if you
really didn't forget anything, try typing `2' now; then
my insertion and my current dilemma will both disappear.

Missing character: There is no — in font cmr12!
Missing character: There is no — in font cmr12!
Missing character: There is no √ in font cmr12!
Missing character: There is no Á in font cmex10!
Missing character: There is no — in font cmr12!
Missing character: There is no ñ in font cmr12!

LaTeX Warning: Command \CYRR invalid in math mode on input line 48.


LaTeX Warning: Command \guillemotright invalid in math mode on input line 48.


LaTeX Warning: Command \CYRR invalid in math mode on input line 48.


LaTeX Warning: Command \cyryo invalid in math mode on input line 48.


LaTeX Warning: Command \CYRR invalid in math mode on input line 48.


LaTeX Warning: Command \CYRDZE invalid in math mode on input line 48.


LaTeX Warning: Command \CYRR invalid in math mode on input line 48.


LaTeX Warning: Command \CYRR invalid in math mode on input line 48.


LaTeX Warning: Command \textnumero invalid in math mode on input line 48.


LaTeX Warning: Command \CYRR invalid in math mode on input line 48.


LaTeX Warning: Command \CYRDZE invalid in math mode on input line 48.


LaTeX Warning: Command \CYRR invalid in math mode on input line 48.


LaTeX Warning: Command \textdegree invalid in math mode on input line 48.


LaTeX Warning: Command \CYRS invalid in math mode on input line 48.


LaTeX Warning: Command \CYRDZHE invalid in math mode on input line 48.


LaTeX Warning: Command \CYRS invalid in math mode on input line 48.


LaTeX Warning: Command \' invalid in math mode on input line 48.

! Please use \mathaccent for accents in math mode.
\add@accent ...@spacefactor \spacefactor }\accent 
                                                  #1 #2\egroup \spacefactor ...
l.48 ...—Ç—Ä–∏–≤–∞–µ—Ç—Å—è $N$-–ª–∏–Ω–µ–π–Ω–∞—è —Å
                                                  –∏—Å—Ç–µ–º–∞ –º–∞—Å—Å–æ–≤–...
I'm changing \accent to \mathaccent here; wish me luck.
(Accents are not the same in formulas as they are in text.)

! Missing { inserted.
<to be read again> 
                   \begingroup 
l.48 ...—Ç—Ä–∏–≤–∞–µ—Ç—Å—è $N$-–ª–∏–Ω–µ–π–Ω–∞—è —Å
                                                  –∏—Å—Ç–µ–º–∞ –º–∞—Å—Å–æ–≤–...
A left brace was mandatory here, so I've put one in.
You might want to delete and/or insert some corrections
so that I will find a matching right brace soon.
(If you're confused by all this, try typing `I}' now.)


LaTeX Warning: Command \CYRG invalid in math mode on input line 48.

! You can't use `\spacefactor' in math mode.
\add@accent ...}\accent #1 #2\egroup \spacefactor 
                                                  \accent@spacefactor 
l.48 ...—Ç—Ä–∏–≤–∞–µ—Ç—Å—è $N$-–ª–∏–Ω–µ–π–Ω–∞—è —Å
                                                  –∏—Å—Ç–µ–º–∞ –º–∞—Å—Å–æ–≤–...
Sorry, but I'm not programmed to handle this case;
I'll just pretend that you didn't ask for it.
If you're in the wrong mode, you might be able to
return to the right one by typing `I}' or `I$' or `I\par'.


LaTeX Warning: Command \CYRR invalid in math mode on input line 48.


LaTeX Warning: Command \cyryo invalid in math mode on input line 48.


LaTeX Warning: Command \CYRS invalid in math mode on input line 48.


LaTeX Warning: Command \' invalid in math mode on input line 48.

! Please use \mathaccent for accents in math mode.
\add@accent ...@spacefactor \spacefactor }\accent 
                                                  #1 #2\egroup \spacefactor ...
l.48 ...–∏–≤–∞–µ—Ç—Å—è $N$-–ª–∏–Ω–µ–π–Ω–∞—è —Å–∏—Å
                                                  —Ç–µ–º–∞ –º–∞—Å—Å–æ–≤–æ–≥–...
I'm changing \accent to \mathaccent here; wish me luck.
(Accents are not the same in formulas as they are in text.)

! Missing { inserted.
<to be read again> 
                   \begingroup 
l.48 ...–∏–≤–∞–µ—Ç—Å—è $N$-–ª–∏–Ω–µ–π–Ω–∞—è —Å–∏—Å
                                                  —Ç–µ–º–∞ –º–∞—Å—Å–æ–≤–æ–≥–...
A left brace was mandatory here, so I've put one in.
You might want to delete and/or insert some corrections
so that I will find a matching right brace soon.
(If you're confused by all this, try typing `I}' now.)


LaTeX Warning: Command \CYRG invalid in math mode on input line 48.

! You can't use `\spacefactor' in math mode.
\add@accent ...}\accent #1 #2\egroup \spacefactor 
                                                  \accent@spacefactor 
l.48 ...–∏–≤–∞–µ—Ç—Å—è $N$-–ª–∏–Ω–µ–π–Ω–∞—è —Å–∏—Å
                                                  —Ç–µ–º–∞ –º–∞—Å—Å–æ–≤–æ–≥–...
Sorry, but I'm not programmed to handle this case;
I'll just pretend that you didn't ask for it.
If you're in the wrong mode, you might be able to
return to the right one by typing `I}' or `I$' or `I\par'.


LaTeX Warning: Command \CYRS invalid in math mode on input line 48.


LaTeX Warning: Command \quotesinglbase invalid in math mode on input line 48.


LaTeX Warning: Command \quotesinglbase invalid in math mode on input line 48.

! Improper \spacefactor.
\save@sf@q ...@SF {\spacefactor \the \spacefactor 
                                                  }#1\@SF \endgroup 
l.48 ...–≤–∞–µ—Ç—Å—è $N$-–ª–∏–Ω–µ–π–Ω–∞—è —Å–∏—Å—Ç
                                                  –µ–º–∞ –º–∞—Å—Å–æ–≤–æ–≥–æ ...
You can refer to \spacefactor only in horizontal mode;
you can refer to \prevdepth only in vertical mode; and
neither of these is meaningful inside \write. So
I'm forgetting what you said and using zero instead.

! You can't use `\spacefactor' in math mode.
\@SF ->\spacefactor 
                    0
l.48 ...–≤–∞–µ—Ç—Å—è $N$-–ª–∏–Ω–µ–π–Ω–∞—è —Å–∏—Å—Ç
                                                  –µ–º–∞ –º–∞—Å—Å–æ–≤–æ–≥–æ ...
Sorry, but I'm not programmed to handle this case;
I'll just pretend that you didn't ask for it.
If you're in the wrong mode, you might be able to
return to the right one by typing `I}' or `I$' or `I\par'.


LaTeX Warning: Command \CYRR invalid in math mode on input line 48.


! LaTeX Error: Command \CYRR unavailable in encoding OT1.

See the LaTeX manual or LaTeX Companion for explanation.
Type  H <return>  for immediate help.
 ...                                              
                                                  
l.48 ...≤–∞–µ—Ç—Å—è $N$-–ª–∏–Ω–µ–π–Ω–∞—è —Å–∏—Å—Ç–
                                                  µ–º–∞ –º–∞—Å—Å–æ–≤–æ–≥–æ –...

Your command was ignored.
Type  I <command> <return>  to replace it with another command,
or  <return>  to continue without it.


LaTeX Warning: Command \CYRR invalid in math mode on input line 48.


! LaTeX Error: Command \CYRR unavailable in encoding OT1.

See the LaTeX manual or LaTeX Companion for explanation.
Type  H <return>  for immediate help.
 ...                                              
                                                  
l.48 ...∞–µ—Ç—Å—è $N$-–ª–∏–Ω–µ–π–Ω–∞—è —Å–∏—Å—Ç–µ–
                                                  º–∞ –º–∞—Å—Å–æ–≤–æ–≥–æ –æ–...

Your command was ignored.
Type  I <command> <return>  to replace it with another command,
or  <return>  to continue without it.


LaTeX Warning: Command \cyrje invalid in math mode on input line 48.


! LaTeX Error: Command \cyrje unavailable in encoding OT1.

See the LaTeX manual or LaTeX Companion for explanation.
Type  H <return>  for immediate help.
 ...                                              
                                                  
l.48 ...–µ—Ç—Å—è $N$-–ª–∏–Ω–µ–π–Ω–∞—è —Å–∏—Å—Ç–µ–º
                                                  –∞ –º–∞—Å—Å–æ–≤–æ–≥–æ –æ–±...

Your command was ignored.
Type  I <command> <return>  to replace it with another command,
or  <return>  to continue without it.


LaTeX Warning: Command \CYRR invalid in math mode on input line 48.


! LaTeX Error: Command \CYRR unavailable in encoding OT1.

See the LaTeX manual or LaTeX Companion for explanation.
Type  H <return>  for immediate help.
 ...                                              
                                                  
l.48 ...µ—Ç—Å—è $N$-–ª–∏–Ω–µ–π–Ω–∞—è —Å–∏—Å—Ç–µ–º–
                                                  ∞ –º–∞—Å—Å–æ–≤–æ–≥–æ –æ–±—...

Your command was ignored.
Type  I <command> <return>  to replace it with another command,
or  <return>  to continue without it.


LaTeX Warning: Command \textdegree invalid in math mode on input line 48.


LaTeX Warning: Command \CYRR invalid in math mode on input line 48.


! LaTeX Error: Command \CYRR unavailable in encoding OT1.

See the LaTeX manual or LaTeX Companion for explanation.
Type  H <return>  for immediate help.
 ...                                              
                                                  
l.48 ...—Å—è $N$-–ª–∏–Ω–µ–π–Ω–∞—è —Å–∏—Å—Ç–µ–º–∞ –
                                                  º–∞—Å—Å–æ–≤–æ–≥–æ –æ–±—Å–ª...

Your command was ignored.
Type  I <command> <return>  to replace it with another command,
or  <return>  to continue without it.


LaTeX Warning: Command \cyrje invalid in math mode on input line 48.


! LaTeX Error: Command \cyrje unavailable in encoding OT1.

See the LaTeX manual or LaTeX Companion for explanation.
Type  H <return>  for immediate help.
 ...                                              
                                                  
l.48 ...Å—è $N$-–ª–∏–Ω–µ–π–Ω–∞—è —Å–∏—Å—Ç–µ–º–∞ –º
                                                  –∞—Å—Å–æ–≤–æ–≥–æ –æ–±—Å–ª—...

Your command was ignored.
Type  I <command> <return>  to replace it with another command,
or  <return>  to continue without it.


LaTeX Warning: Command \CYRR invalid in math mode on input line 48.


! LaTeX Error: Command \CYRR unavailable in encoding OT1.

See the LaTeX manual or LaTeX Companion for explanation.
Type  H <return>  for immediate help.
 ...                                              
                                                  
l.48 ...—è $N$-–ª–∏–Ω–µ–π–Ω–∞—è —Å–∏—Å—Ç–µ–º–∞ –º–
                                                  ∞—Å—Å–æ–≤–æ–≥–æ –æ–±—Å–ª—É...

Your command was ignored.
Type  I <command> <return>  to replace it with another command,
or  <return>  to continue without it.


LaTeX Warning: Command \textdegree invalid in math mode on input line 48.


LaTeX Warning: Command \CYRS invalid in math mode on input line 48.


! LaTeX Error: Command \CYRS unavailable in encoding OT1.

See the LaTeX manual or LaTeX Companion for explanation.
Type  H <return>  for immediate help.
 ...                                              
                                                  
l.48 ... $N$-–ª–∏–Ω–µ–π–Ω–∞—è —Å–∏—Å—Ç–µ–º–∞ –º–∞—
                                                  Å—Å–æ–≤–æ–≥–æ –æ–±—Å–ª—É–∂...

Your command was ignored.
Type  I <command> <return>  to replace it with another command,
or  <return>  to continue without it.


LaTeX Warning: Command \' invalid in math mode on input line 48.


! LaTeX Error: Command \CYRG unavailable in encoding OT1.

See the LaTeX manual or LaTeX Companion for explanation.
Type  H <return>  for immediate help.
 ...                                              
                                                  
l.48 ...$N$-–ª–∏–Ω–µ–π–Ω–∞—è —Å–∏—Å—Ç–µ–º–∞ –º–∞—Å
                                                  —Å–æ–≤–æ–≥–æ –æ–±—Å–ª—É–∂–...

Your command was ignored.
Type  I <command> <return>  to replace it with another command,
or  <return>  to continue without it.

! Please use \mathaccent for accents in math mode.
\add@accent ...@spacefactor \spacefactor }\accent 
                                                  #1 #2\egroup \spacefactor ...
l.48 ...$N$-–ª–∏–Ω–µ–π–Ω–∞—è —Å–∏—Å—Ç–µ–º–∞ –º–∞—Å
                                                  —Å–æ–≤–æ–≥–æ –æ–±—Å–ª—É–∂–...
I'm changing \accent to \mathaccent here; wish me luck.
(Accents are not the same in formulas as they are in text.)

! Missing { inserted.
<to be read again> 
                   \begingroup 
l.48 ...$N$-–ª–∏–Ω–µ–π–Ω–∞—è —Å–∏—Å—Ç–µ–º–∞ –º–∞—Å
                                                  —Å–æ–≤–æ–≥–æ –æ–±—Å–ª—É–∂–...
A left brace was mandatory here, so I've put one in.
You might want to delete and/or insert some corrections
so that I will find a matching right brace soon.
(If you're confused by all this, try typing `I}' now.)


LaTeX Warning: Command \CYRG invalid in math mode on input line 48.


! LaTeX Error: Command \CYRG unavailable in encoding OT1.

See the LaTeX manual or LaTeX Companion for explanation.
Type  H <return>  for immediate help.
 ...                                              
                                                  
l.48 ...$N$-–ª–∏–Ω–µ–π–Ω–∞—è —Å–∏—Å—Ç–µ–º–∞ –º–∞—Å
                                                  —Å–æ–≤–æ–≥–æ –æ–±—Å–ª—É–∂–...

Your command was ignored.
Type  I <command> <return>  to replace it with another command,
or  <return>  to continue without it.

! You can't use `\spacefactor' in math mode.
\add@accent ...}\accent #1 #2\egroup \spacefactor 
                                                  \accent@spacefactor 
l.48 ...$N$-–ª–∏–Ω–µ–π–Ω–∞—è —Å–∏—Å—Ç–µ–º–∞ –º–∞—Å
                                                  —Å–æ–≤–æ–≥–æ –æ–±—Å–ª—É–∂–...
Sorry, but I'm not programmed to handle this case;
I'll just pretend that you didn't ask for it.
If you're in the wrong mode, you might be able to
return to the right one by typing `I}' or `I$' or `I\par'.


LaTeX Warning: Command \CYRS invalid in math mode on input line 48.


! LaTeX Error: Command \CYRS unavailable in encoding OT1.

See the LaTeX manual or LaTeX Companion for explanation.
Type  H <return>  for immediate help.
 ...                                              
                                                  
l.48 ...N$-–ª–∏–Ω–µ–π–Ω–∞—è —Å–∏—Å—Ç–µ–º–∞ –º–∞—Å—
                                                  Å–æ–≤–æ–≥–æ –æ–±—Å–ª—É–∂–∏...

Your command was ignored.
Type  I <command> <return>  to replace it with another command,
or  <return>  to continue without it.


LaTeX Warning: Command \' invalid in math mode on input line 48.


! LaTeX Error: Command \CYRG unavailable in encoding OT1.

See the LaTeX manual or LaTeX Companion for explanation.
Type  H <return>  for immediate help.
 ...                                              
                                                  
l.48 ...$-–ª–∏–Ω–µ–π–Ω–∞—è —Å–∏—Å—Ç–µ–º–∞ –º–∞—Å—Å
                                                  –æ–≤–æ–≥–æ –æ–±—Å–ª—É–∂–∏–...

Your command was ignored.
Type  I <command> <return>  to replace it with another command,
or  <return>  to continue without it.

! Please use \mathaccent for accents in math mode.
\add@accent ...@spacefactor \spacefactor }\accent 
                                                  #1 #2\egroup \spacefactor ...
l.48 ...$-–ª–∏–Ω–µ–π–Ω–∞—è —Å–∏—Å—Ç–µ–º–∞ –º–∞—Å—Å
                                                  –æ–≤–æ–≥–æ –æ–±—Å–ª—É–∂–∏–...
I'm changing \accent to \mathaccent here; wish me luck.
(Accents are not the same in formulas as they are in text.)

! Missing { inserted.
<to be read again> 
                   \begingroup 
l.48 ...$-–ª–∏–Ω–µ–π–Ω–∞—è —Å–∏—Å—Ç–µ–º–∞ –º–∞—Å—Å
                                                  –æ–≤–æ–≥–æ –æ–±—Å–ª—É–∂–∏–...
A left brace was mandatory here, so I've put one in.
You might want to delete and/or insert some corrections
so that I will find a matching right brace soon.
(If you're confused by all this, try typing `I}' now.)


LaTeX Warning: Command \CYRG invalid in math mode on input line 48.


! LaTeX Error: Command \CYRG unavailable in encoding OT1.

See the LaTeX manual or LaTeX Companion for explanation.
Type  H <return>  for immediate help.
 ...                                              
                                                  
l.48 ...$-–ª–∏–Ω–µ–π–Ω–∞—è —Å–∏—Å—Ç–µ–º–∞ –º–∞—Å—Å
                                                  –æ–≤–æ–≥–æ –æ–±—Å–ª—É–∂–∏–...

Your command was ignored.
Type  I <command> <return>  to replace it with another command,
or  <return>  to continue without it.

! You can't use `\spacefactor' in math mode.
\add@accent ...}\accent #1 #2\egroup \spacefactor 
                                                  \accent@spacefactor 
l.48 ...$-–ª–∏–Ω–µ–π–Ω–∞—è —Å–∏—Å—Ç–µ–º–∞ –º–∞—Å—Å
                                                  –æ–≤–æ–≥–æ –æ–±—Å–ª—É–∂–∏–...
Sorry, but I'm not programmed to handle this case;
I'll just pretend that you didn't ask for it.
If you're in the wrong mode, you might be able to
return to the right one by typing `I}' or `I$' or `I\par'.


LaTeX Warning: Command \CYRR invalid in math mode on input line 48.


! LaTeX Error: Command \CYRR unavailable in encoding OT1.

See the LaTeX manual or LaTeX Companion for explanation.
Type  H <return>  for immediate help.
 ...                                              
                                                  
l.48 ...-–ª–∏–Ω–µ–π–Ω–∞—è —Å–∏—Å—Ç–µ–º–∞ –º–∞—Å—Å–
                                                  æ–≤–æ–≥–æ –æ–±—Å–ª—É–∂–∏–≤...

Your command was ignored.
Type  I <command> <return>  to replace it with another command,
or  <return>  to continue without it.


LaTeX Warning: Command \cyrdze invalid in math mode on input line 48.


! LaTeX Error: Command \cyrdze unavailable in encoding OT1.

See the LaTeX manual or LaTeX Companion for explanation.
Type  H <return>  for immediate help.
 ...                                              
                                                  
l.48 ...–ª–∏–Ω–µ–π–Ω–∞—è —Å–∏—Å—Ç–µ–º–∞ –º–∞—Å—Å–æ
                                                  –≤–æ–≥–æ –æ–±—Å–ª—É–∂–∏–≤–...

Your command was ignored.
Type  I <command> <return>  to replace it with another command,
or  <return>  to continue without it.


LaTeX Warning: Command \CYRR invalid in math mode on input line 48.


! LaTeX Error: Command \CYRR unavailable in encoding OT1.

See the LaTeX manual or LaTeX Companion for explanation.
Type  H <return>  for immediate help.
 ...                                              
                                                  
l.48 ...ª–∏–Ω–µ–π–Ω–∞—è —Å–∏—Å—Ç–µ–º–∞ –º–∞—Å—Å–æ–
                                                  ≤–æ–≥–æ –æ–±—Å–ª—É–∂–∏–≤–∞...

Your command was ignored.
Type  I <command> <return>  to replace it with another command,
or  <return>  to continue without it.


LaTeX Warning: Command \CYRII invalid in math mode on input line 48.


! LaTeX Error: Command \CYRII unavailable in encoding OT1.

See the LaTeX manual or LaTeX Companion for explanation.
Type  H <return>  for immediate help.
 ...                                              
                                                  
l.48 ...–∏–Ω–µ–π–Ω–∞—è —Å–∏—Å—Ç–µ–º–∞ –º–∞—Å—Å–æ–≤
                                                  –æ–≥–æ –æ–±—Å–ª—É–∂–∏–≤–∞–...

Your command was ignored.
Type  I <command> <return>  to replace it with another command,
or  <return>  to continue without it.


LaTeX Warning: Command \CYRR invalid in math mode on input line 48.


! LaTeX Error: Command \CYRR unavailable in encoding OT1.

See the LaTeX manual or LaTeX Companion for explanation.
Type  H <return>  for immediate help.
 ...                                              
                                                  
l.48 ...∏–Ω–µ–π–Ω–∞—è —Å–∏—Å—Ç–µ–º–∞ –º–∞—Å—Å–æ–≤–
                                                  æ–≥–æ –æ–±—Å–ª—É–∂–∏–≤–∞–Ω...

Your command was ignored.
Type  I <command> <return>  to replace it with another command,
or  <return>  to continue without it.


LaTeX Warning: Command \cyrdze invalid in math mode on input line 48.


! LaTeX Error: Command \cyrdze unavailable in encoding OT1.

See the LaTeX manual or LaTeX Companion for explanation.
Type  H <return>  for immediate help.
 ...                                              
                                                  
l.48 ...–Ω–µ–π–Ω–∞—è —Å–∏—Å—Ç–µ–º–∞ –º–∞—Å—Å–æ–≤–æ
                                                  –≥–æ –æ–±—Å–ª—É–∂–∏–≤–∞–Ω–...

Your command was ignored.
Type  I <command> <return>  to replace it with another command,
or  <return>  to continue without it.


LaTeX Warning: Command \CYRR invalid in math mode on input line 48.


! LaTeX Error: Command \CYRR unavailable in encoding OT1.

See the LaTeX manual or LaTeX Companion for explanation.
Type  H <return>  for immediate help.
 ...                                              
                                                  
l.48 ...Ω–µ–π–Ω–∞—è —Å–∏—Å—Ç–µ–º–∞ –º–∞—Å—Å–æ–≤–æ–
                                                  ≥–æ –æ–±—Å–ª—É–∂–∏–≤–∞–Ω–∏...

Your command was ignored.
Type  I <command> <return>  to replace it with another command,
or  <return>  to continue without it.


LaTeX Warning: Command \cyrii invalid in math mode on input line 48.


! LaTeX Error: Command \cyrii unavailable in encoding OT1.

See the LaTeX manual or LaTeX Companion for explanation.
Type  H <return>  for immediate help.
 ...                                              
                                                  
l.48 ...–µ–π–Ω–∞—è —Å–∏—Å—Ç–µ–º–∞ –º–∞—Å—Å–æ–≤–æ–≥
                                                  –æ –æ–±—Å–ª—É–∂–∏–≤–∞–Ω–∏—...

Your command was ignored.
Type  I <command> <return>  to replace it with another command,
or  <return>  to continue without it.


LaTeX Warning: Command \CYRR invalid in math mode on input line 48.


! LaTeX Error: Command \CYRR unavailable in encoding OT1.

See the LaTeX manual or LaTeX Companion for explanation.
Type  H <return>  for immediate help.
 ...                                              
                                                  
l.48 ...µ–π–Ω–∞—è —Å–∏—Å—Ç–µ–º–∞ –º–∞—Å—Å–æ–≤–æ–≥–
                                                  æ –æ–±—Å–ª—É–∂–∏–≤–∞–Ω–∏—è...

Your command was ignored.
Type  I <command> <return>  to replace it with another command,
or  <return>  to continue without it.


LaTeX Warning: Command \cyrdze invalid in math mode on input line 48.


! LaTeX Error: Command \cyrdze unavailable in encoding OT1.

See the LaTeX manual or LaTeX Companion for explanation.
Type  H <return>  for immediate help.
 ...                                              
                                                  
l.48 ...–π–Ω–∞—è —Å–∏—Å—Ç–µ–º–∞ –º–∞—Å—Å–æ–≤–æ–≥–æ
                                                   –æ–±—Å–ª—É–∂–∏–≤–∞–Ω–∏—è ...

Your command was ignored.
Type  I <command> <return>  to replace it with another command,
or  <return>  to continue without it.


LaTeX Warning: Command \CYRR invalid in math mode on input line 48.


! LaTeX Error: Command \CYRR unavailable in encoding OT1.

See the LaTeX manual or LaTeX Companion for explanation.
Type  H <return>  for immediate help.
 ...                                              
                                                  
l.48 ...–Ω–∞—è —Å–∏—Å—Ç–µ–º–∞ –º–∞—Å—Å–æ–≤–æ–≥–æ –
                                                  æ–±—Å–ª—É–∂–∏–≤–∞–Ω–∏—è –±...

Your command was ignored.
Type  I <command> <return>  to replace it with another command,
or  <return>  to continue without it.


LaTeX Warning: Command \cyrdze invalid in math mode on input line 48.


! LaTeX Error: Command \cyrdze unavailable in encoding OT1.

See the LaTeX manual or LaTeX Companion for explanation.
Type  H <return>  for immediate help.
 ...                                              
                                                  
l.48 ...Ω–∞—è —Å–∏—Å—Ç–µ–º–∞ –º–∞—Å—Å–æ–≤–æ–≥–æ –æ
                                                  –±—Å–ª—É–∂–∏–≤–∞–Ω–∏—è –±–...

Your command was ignored.
Type  I <command> <return>  to replace it with another command,
or  <return>  to continue without it.


LaTeX Warning: Command \CYRR invalid in math mode on input line 48.


! LaTeX Error: Command \CYRR unavailable in encoding OT1.

See the LaTeX manual or LaTeX Companion for explanation.
Type  H <return>  for immediate help.
 ...                                              
                                                  
l.48 ...–∞—è —Å–∏—Å—Ç–µ–º–∞ –º–∞—Å—Å–æ–≤–æ–≥–æ –æ–
                                                  ±—Å–ª—É–∂–∏–≤–∞–Ω–∏—è –±–µ...

Your command was ignored.
Type  I <command> <return>  to replace it with another command,
or  <return>  to continue without it.


LaTeX Warning: Command \CYRS invalid in math mode on input line 48.


! LaTeX Error: Command \CYRS unavailable in encoding OT1.

See the LaTeX manual or LaTeX Companion for explanation.
Type  H <return>  for immediate help.
 ...                                              
                                                  
l.48 ...—è —Å–∏—Å—Ç–µ–º–∞ –º–∞—Å—Å–æ–≤–æ–≥–æ –æ–±—
                                                  Å–ª—É–∂–∏–≤–∞–Ω–∏—è –±–µ–∑...

Your command was ignored.
Type  I <command> <return>  to replace it with another command,
or  <return>  to continue without it.


LaTeX Warning: Command \' invalid in math mode on input line 48.


! LaTeX Error: Command \CYRG unavailable in encoding OT1.

See the LaTeX manual or LaTeX Companion for explanation.
Type  H <return>  for immediate help.
 ...                                              
                                                  
l.48 ...è —Å–∏—Å—Ç–µ–º–∞ –º–∞—Å—Å–æ–≤–æ–≥–æ –æ–±—Å
                                                  –ª—É–∂–∏–≤–∞–Ω–∏—è –±–µ–∑ ...

Your command was ignored.
Type  I <command> <return>  to replace it with another command,
or  <return>  to continue without it.

! Please use \mathaccent for accents in math mode.
\add@accent ...@spacefactor \spacefactor }\accent 
                                                  #1 #2\egroup \spacefactor ...
l.48 ...è —Å–∏—Å—Ç–µ–º–∞ –º–∞—Å—Å–æ–≤–æ–≥–æ –æ–±—Å
                                                  –ª—É–∂–∏–≤–∞–Ω–∏—è –±–µ–∑ ...
I'm changing \accent to \mathaccent here; wish me luck.
(Accents are not the same in formulas as they are in text.)

! Missing { inserted.
<to be read again> 
                   \begingroup 
l.48 ...è —Å–∏—Å—Ç–µ–º–∞ –º–∞—Å—Å–æ–≤–æ–≥–æ –æ–±—Å
                                                  –ª—É–∂–∏–≤–∞–Ω–∏—è –±–µ–∑ ...
A left brace was mandatory here, so I've put one in.
You might want to delete and/or insert some corrections
so that I will find a matching right brace soon.
(If you're confused by all this, try typing `I}' now.)


LaTeX Warning: Command \CYRG invalid in math mode on input line 48.


! LaTeX Error: Command \CYRG unavailable in encoding OT1.

See the LaTeX manual or LaTeX Companion for explanation.
Type  H <return>  for immediate help.
 ...                                              
                                                  
l.48 ...è —Å–∏—Å—Ç–µ–º–∞ –º–∞—Å—Å–æ–≤–æ–≥–æ –æ–±—Å
                                                  –ª—É–∂–∏–≤–∞–Ω–∏—è –±–µ–∑ ...

Your command was ignored.
Type  I <command> <return>  to replace it with another command,
or  <return>  to continue without it.

! You can't use `\spacefactor' in math mode.
\add@accent ...}\accent #1 #2\egroup \spacefactor 
                                                  \accent@spacefactor 
l.48 ...è —Å–∏—Å—Ç–µ–º–∞ –º–∞—Å—Å–æ–≤–æ–≥–æ –æ–±—Å
                                                  –ª—É–∂–∏–≤–∞–Ω–∏—è –±–µ–∑ ...
Sorry, but I'm not programmed to handle this case;
I'll just pretend that you didn't ask for it.
If you're in the wrong mode, you might be able to
return to the right one by typing `I}' or `I$' or `I\par'.


LaTeX Warning: Command \CYRR invalid in math mode on input line 48.


! LaTeX Error: Command \CYRR unavailable in encoding OT1.

See the LaTeX manual or LaTeX Companion for explanation.
Type  H <return>  for immediate help.
 ...                                              
                                                  
l.48 ... —Å–∏—Å—Ç–µ–º–∞ –º–∞—Å—Å–æ–≤–æ–≥–æ –æ–±—Å–
                                                  ª—É–∂–∏–≤–∞–Ω–∏—è –±–µ–∑ –...

Your command was ignored.
Type  I <command> <return>  to replace it with another command,
or  <return>  to continue without it.


LaTeX Warning: Command \guillemotright invalid in math mode on input line 48.


LaTeX Warning: Command \CYRS invalid in math mode on input line 48.


! LaTeX Error: Command \CYRS unavailable in encoding OT1.

See the LaTeX manual or LaTeX Companion for explanation.
Type  H <return>  for immediate help.
 ...                                              
                                                  
l.48 ...Å–∏—Å—Ç–µ–º–∞ –º–∞—Å—Å–æ–≤–æ–≥–æ –æ–±—Å–ª—
                                                  É–∂–∏–≤–∞–Ω–∏—è –±–µ–∑ –±—...

Your command was ignored.
Type  I <command> <return>  to replace it with another command,
or  <return>  to continue without it.


LaTeX Warning: Command \' invalid in math mode on input line 48.


! LaTeX Error: Command \cyrg unavailable in encoding OT1.

See the LaTeX manual or LaTeX Companion for explanation.
Type  H <return>  for immediate help.
 ...                                              
                                                  
l.48 ...–∏—Å—Ç–µ–º–∞ –º–∞—Å—Å–æ–≤–æ–≥–æ –æ–±—Å–ª—É
                                                  –∂–∏–≤–∞–Ω–∏—è –±–µ–∑ –±—É...

Your command was ignored.
Type  I <command> <return>  to replace it with another command,
or  <return>  to continue without it.

! Please use \mathaccent for accents in math mode.
\add@accent ...@spacefactor \spacefactor }\accent 
                                                  #1 #2\egroup \spacefactor ...
l.48 ...–∏—Å—Ç–µ–º–∞ –º–∞—Å—Å–æ–≤–æ–≥–æ –æ–±—Å–ª—É
                                                  –∂–∏–≤–∞–Ω–∏—è –±–µ–∑ –±—É...
I'm changing \accent to \mathaccent here; wish me luck.
(Accents are not the same in formulas as they are in text.)

! Missing { inserted.
<to be read again> 
                   \begingroup 
l.48 ...–∏—Å—Ç–µ–º–∞ –º–∞—Å—Å–æ–≤–æ–≥–æ –æ–±—Å–ª—É
                                                  –∂–∏–≤–∞–Ω–∏—è –±–µ–∑ –±—É...
A left brace was mandatory here, so I've put one in.
You might want to delete and/or insert some corrections
so that I will find a matching right brace soon.
(If you're confused by all this, try typing `I}' now.)


LaTeX Warning: Command \cyrg invalid in math mode on input line 48.


! LaTeX Error: Command \cyrg unavailable in encoding OT1.

See the LaTeX manual or LaTeX Companion for explanation.
Type  H <return>  for immediate help.
 ...                                              
                                                  
l.48 ...–∏—Å—Ç–µ–º–∞ –º–∞—Å—Å–æ–≤–æ–≥–æ –æ–±—Å–ª—É
                                                  –∂–∏–≤–∞–Ω–∏—è –±–µ–∑ –±—É...

Your command was ignored.
Type  I <command> <return>  to replace it with another command,
or  <return>  to continue without it.

! You can't use `\spacefactor' in math mode.
\add@accent ...}\accent #1 #2\egroup \spacefactor 
                                                  \accent@spacefactor 
l.48 ...–∏—Å—Ç–µ–º–∞ –º–∞—Å—Å–æ–≤–æ–≥–æ –æ–±—Å–ª—É
                                                  –∂–∏–≤–∞–Ω–∏—è –±–µ–∑ –±—É...
Sorry, but I'm not programmed to handle this case;
I'll just pretend that you didn't ask for it.
If you're in the wrong mode, you might be able to
return to the right one by typing `I}' or `I$' or `I\par'.


LaTeX Warning: Command \CYRR invalid in math mode on input line 48.


! LaTeX Error: Command \CYRR unavailable in encoding OT1.

See the LaTeX manual or LaTeX Companion for explanation.
Type  H <return>  for immediate help.
 ...                                              
                                                  
l.48 ...∏—Å—Ç–µ–º–∞ –º–∞—Å—Å–æ–≤–æ–≥–æ –æ–±—Å–ª—É–
                                                  ∂–∏–≤–∞–Ω–∏—è –±–µ–∑ –±—É—...

Your command was ignored.
Type  I <command> <return>  to replace it with another command,
or  <return>  to continue without it.


LaTeX Warning: Command \CYRR invalid in math mode on input line 48.


! LaTeX Error: Command \CYRR unavailable in encoding OT1.

See the LaTeX manual or LaTeX Companion for explanation.
Type  H <return>  for immediate help.
 ...                                              
                                                  
l.48 ...Å—Ç–µ–º–∞ –º–∞—Å—Å–æ–≤–æ–≥–æ –æ–±—Å–ª—É–∂–
                                                  ∏–≤–∞–Ω–∏—è –±–µ–∑ –±—É—Ñ–...

Your command was ignored.
Type  I <command> <return>  to replace it with another command,
or  <return>  to continue without it.


LaTeX Warning: Command \cyryo invalid in math mode on input line 48.


! LaTeX Error: Command \cyryo unavailable in encoding OT1.

See the LaTeX manual or LaTeX Companion for explanation.
Type  H <return>  for immediate help.
 ...                                              
                                                  
l.48 ...—Ç–µ–º–∞ –º–∞—Å—Å–æ–≤–æ–≥–æ –æ–±—Å–ª—É–∂–∏
                                                  –≤–∞–Ω–∏—è –±–µ–∑ –±—É—Ñ–µ...

Your command was ignored.
Type  I <command> <return>  to replace it with another command,
or  <return>  to continue without it.


LaTeX Warning: Command \CYRR invalid in math mode on input line 48.


! LaTeX Error: Command \CYRR unavailable in encoding OT1.

See the LaTeX manual or LaTeX Companion for explanation.
Type  H <return>  for immediate help.
 ...                                              
                                                  
l.48 ...Ç–µ–º–∞ –º–∞—Å—Å–æ–≤–æ–≥–æ –æ–±—Å–ª—É–∂–∏–
                                                  ≤–∞–Ω–∏—è –±–µ–∑ –±—É—Ñ–µ—...

Your command was ignored.
Type  I <command> <return>  to replace it with another command,
or  <return>  to continue without it.


LaTeX Warning: Command \CYRII invalid in math mode on input line 48.


! LaTeX Error: Command \CYRII unavailable in encoding OT1.

See the LaTeX manual or LaTeX Companion for explanation.
Type  H <return>  for immediate help.
 ...                                              
                                                  
l.48 ...–µ–º–∞ –º–∞—Å—Å–æ–≤–æ–≥–æ –æ–±—Å–ª—É–∂–∏–≤
                                                  –∞–Ω–∏—è –±–µ–∑ –±—É—Ñ–µ—Ä–∞.

Your command was ignored.
Type  I <command> <return>  to replace it with another command,
or  <return>  to continue without it.


LaTeX Warning: Command \CYRR invalid in math mode on input line 48.


! LaTeX Error: Command \CYRR unavailable in encoding OT1.

See the LaTeX manual or LaTeX Companion for explanation.
Type  H <return>  for immediate help.
 ...                                              
                                                  
l.48 ...µ–º–∞ –º–∞—Å—Å–æ–≤–æ–≥–æ –æ–±—Å–ª—É–∂–∏–≤–
                                                  ∞–Ω–∏—è –±–µ–∑ –±—É—Ñ–µ—Ä–∞.
Your command was ignored.
Type  I <command> <return>  to replace it with another command,
or  <return>  to continue without it.


LaTeX Warning: Command \textdegree invalid in math mode on input line 48.


LaTeX Warning: Command \CYRR invalid in math mode on input line 48.


! LaTeX Error: Command \CYRR unavailable in encoding OT1.

See the LaTeX manual or LaTeX Companion for explanation.
Type  H <return>  for immediate help.
 ...                                              
                                                  
l.48 ...º–∞ –º–∞—Å—Å–æ–≤–æ–≥–æ –æ–±—Å–ª—É–∂–∏–≤–∞–
                                                  Ω–∏—è –±–µ–∑ –±—É—Ñ–µ—Ä–∞.
Your command was ignored.
Type  I <command> <return>  to replace it with another command,
or  <return>  to continue without it.


LaTeX Warning: Command \CYRDZE invalid in math mode on input line 48.


! LaTeX Error: Command \CYRDZE unavailable in encoding OT1.

See the LaTeX manual or LaTeX Companion for explanation.
Type  H <return>  for immediate help.
 ...                                              
                                                  
l.48 ...–∞ –º–∞—Å—Å–æ–≤–æ–≥–æ –æ–±—Å–ª—É–∂–∏–≤–∞–Ω
                                                  –∏—è –±–µ–∑ –±—É—Ñ–µ—Ä–∞.
Your command was ignored.
Type  I <command> <return>  to replace it with another command,
or  <return>  to continue without it.


LaTeX Warning: Command \CYRR invalid in math mode on input line 48.


! LaTeX Error: Command \CYRR unavailable in encoding OT1.

See the LaTeX manual or LaTeX Companion for explanation.
Type  H <return>  for immediate help.
 ...                                              
                                                  
l.48 ...∞ –º–∞—Å—Å–æ–≤–æ–≥–æ –æ–±—Å–ª—É–∂–∏–≤–∞–Ω–
                                                  ∏—è –±–µ–∑ –±—É—Ñ–µ—Ä–∞.
Your command was ignored.
Type  I <command> <return>  to replace it with another command,
or  <return>  to continue without it.


LaTeX Warning: Command \cyryo invalid in math mode on input line 48.


! LaTeX Error: Command \cyryo unavailable in encoding OT1.

See the LaTeX manual or LaTeX Companion for explanation.
Type  H <return>  for immediate help.
 ...                                              
                                                  
l.48 ... –º–∞—Å—Å–æ–≤–æ–≥–æ –æ–±—Å–ª—É–∂–∏–≤–∞–Ω–∏
                                                  —è –±–µ–∑ –±—É—Ñ–µ—Ä–∞.
Your command was ignored.
Type  I <command> <return>  to replace it with another command,
or  <return>  to continue without it.


LaTeX Warning: Command \CYRS invalid in math mode on input line 48.


! LaTeX Error: Command \CYRS unavailable in encoding OT1.

See the LaTeX manual or LaTeX Companion for explanation.
Type  H <return>  for immediate help.
 ...                                              
                                                  
l.48 ...–º–∞—Å—Å–æ–≤–æ–≥–æ –æ–±—Å–ª—É–∂–∏–≤–∞–Ω–∏—
                                                  è –±–µ–∑ –±—É—Ñ–µ—Ä–∞.
Your command was ignored.
Type  I <command> <return>  to replace it with another command,
or  <return>  to continue without it.


LaTeX Warning: Command \CYRDZHE invalid in math mode on input line 48.


! LaTeX Error: Command \CYRDZHE unavailable in encoding OT1.

See the LaTeX manual or LaTeX Companion for explanation.
Type  H <return>  for immediate help.
 ...                                              
                                                  
l.48 ...º–∞—Å—Å–æ–≤–æ–≥–æ –æ–±—Å–ª—É–∂–∏–≤–∞–Ω–∏—è
                                                   –±–µ–∑ –±—É—Ñ–µ—Ä–∞.
Your command was ignored.
Type  I <command> <return>  to replace it with another command,
or  <return>  to continue without it.


LaTeX Warning: Command \CYRR invalid in math mode on input line 48.


! LaTeX Error: Command \CYRR unavailable in encoding OT1.

See the LaTeX manual or LaTeX Companion for explanation.
Type  H <return>  for immediate help.
 ...                                              
                                                  
l.48 ...∞—Å—Å–æ–≤–æ–≥–æ –æ–±—Å–ª—É–∂–∏–≤–∞–Ω–∏—è –
                                                  ±–µ–∑ –±—É—Ñ–µ—Ä–∞.
Your command was ignored.
Type  I <command> <return>  to replace it with another command,
or  <return>  to continue without it.


LaTeX Warning: Command \CYRR invalid in math mode on input line 48.


! LaTeX Error: Command \CYRR unavailable in encoding OT1.

See the LaTeX manual or LaTeX Companion for explanation.
Type  H <return>  for immediate help.
 ...                                              
                                                  
l.48 ...Å—Å–æ–≤–æ–≥–æ –æ–±—Å–ª—É–∂–∏–≤–∞–Ω–∏—è –±–
                                                  µ–∑ –±—É—Ñ–µ—Ä–∞.
Your command was ignored.
Type  I <command> <return>  to replace it with another command,
or  <return>  to continue without it.


LaTeX Warning: Command \CYRR invalid in math mode on input line 48.


! LaTeX Error: Command \CYRR unavailable in encoding OT1.

See the LaTeX manual or LaTeX Companion for explanation.
Type  H <return>  for immediate help.
 ...                                              
                                                  
l.48 ...Å–æ–≤–æ–≥–æ –æ–±—Å–ª—É–∂–∏–≤–∞–Ω–∏—è –±–µ–
                                                  ∑ –±—É—Ñ–µ—Ä–∞.
Your command was ignored.
Type  I <command> <return>  to replace it with another command,
or  <return>  to continue without it.


LaTeX Warning: Command \textperiodcentered invalid in math mode on input line 4
8.

LaTeX Font Info:    Try loading font information for OMS+cmr on input line 48.
(/usr/local/texlive/2018/texmf-dist/tex/latex/base/omscmr.fd
File: omscmr.fd 2014/09/29 v2.5h Standard LaTeX font definitions
)
LaTeX Font Info:    Font shape `OMS/cmr/m/n' in size <12> not available
(Font)              Font shape `OMS/cmsy/m/n' tried instead on input line 48.


LaTeX Warning: Command \textperiodcentered invalid in math mode on input line 4
8.


LaTeX Warning: Command \CYRR invalid in math mode on input line 48.


! LaTeX Error: Command \CYRR unavailable in encoding OMS.

See the LaTeX manual or LaTeX Companion for explanation.
Type  H <return>  for immediate help.
 ...                                              
                                                  
l.48 ...–≤–æ–≥–æ –æ–±—Å–ª—É–∂–∏–≤–∞–Ω–∏—è –±–µ–∑ –
                                                  ±—É—Ñ–µ—Ä–∞.
Your command was ignored.
Type  I <command> <return>  to replace it with another command,
or  <return>  to continue without it.


LaTeX Warning: Command \CYRS invalid in math mode on input line 48.


! LaTeX Error: Command \CYRS unavailable in encoding OMS.

See the LaTeX manual or LaTeX Companion for explanation.
Type  H <return>  for immediate help.
 ...                                              
                                                  
l.48 ...–æ–≥–æ –æ–±—Å–ª—É–∂–∏–≤–∞–Ω–∏—è –±–µ–∑ –±—
                                                  É—Ñ–µ—Ä–∞.
Your command was ignored.
Type  I <command> <return>  to replace it with another command,
or  <return>  to continue without it.


LaTeX Warning: Command \' invalid in math mode on input line 48.


LaTeX Warning: Command \' invalid in math mode on input line 48.


! LaTeX Error: Command \cyrg unavailable in encoding OMS.

See the LaTeX manual or LaTeX Companion for explanation.
Type  H <return>  for immediate help.
 ...                                              
                                                  
l.48 ...æ–≥–æ –æ–±—Å–ª—É–∂–∏–≤–∞–Ω–∏—è –±–µ–∑ –±—É
                                                  —Ñ–µ—Ä–∞.
Your command was ignored.
Type  I <command> <return>  to replace it with another command,
or  <return>  to continue without it.

! Please use \mathaccent for accents in math mode.
\add@accent ...@spacefactor \spacefactor }\accent 
                                                  #1 #2\egroup \spacefactor ...
l.48 ...æ–≥–æ –æ–±—Å–ª—É–∂–∏–≤–∞–Ω–∏—è –±–µ–∑ –±—É
                                                  —Ñ–µ—Ä–∞.
I'm changing \accent to \mathaccent here; wish me luck.
(Accents are not the same in formulas as they are in text.)

! Missing { inserted.
<to be read again> 
                   \edef 
l.48 ...æ–≥–æ –æ–±—Å–ª—É–∂–∏–≤–∞–Ω–∏—è –±–µ–∑ –±—É
                                                  —Ñ–µ—Ä–∞.
A left brace was mandatory here, so I've put one in.
You might want to delete and/or insert some corrections
so that I will find a matching right brace soon.
(If you're confused by all this, try typing `I}' now.)


LaTeX Warning: Command \cyrg invalid in math mode on input line 48.


! LaTeX Error: Command \cyrg unavailable in encoding OMS.

See the LaTeX manual or LaTeX Companion for explanation.
Type  H <return>  for immediate help.
 ...                                              
                                                  
l.48 ...æ–≥–æ –æ–±—Å–ª—É–∂–∏–≤–∞–Ω–∏—è –±–µ–∑ –±—É
                                                  —Ñ–µ—Ä–∞.
Your command was ignored.
Type  I <command> <return>  to replace it with another command,
or  <return>  to continue without it.

! You can't use `\spacefactor' in math mode.
\add@accent ...}\accent #1 #2\egroup \spacefactor 
                                                  \accent@spacefactor 
l.48 ...æ–≥–æ –æ–±—Å–ª—É–∂–∏–≤–∞–Ω–∏—è –±–µ–∑ –±—É
                                                  —Ñ–µ—Ä–∞.
Sorry, but I'm not programmed to handle this case;
I'll just pretend that you didn't ask for it.
If you're in the wrong mode, you might be able to
return to the right one by typing `I}' or `I$' or `I\par'.


LaTeX Warning: Command \CYRS invalid in math mode on input line 48.


! LaTeX Error: Command \CYRS unavailable in encoding OT1.

See the LaTeX manual or LaTeX Companion for explanation.
Type  H <return>  for immediate help.
 ...                                              
                                                  
l.48 ...–≥–æ –æ–±—Å–ª—É–∂–∏–≤–∞–Ω–∏—è –±–µ–∑ –±—É—
                                                  Ñ–µ—Ä–∞.
Your command was ignored.
Type  I <command> <return>  to replace it with another command,
or  <return>  to continue without it.


LaTeX Warning: Command \quotedblbase invalid in math mode on input line 48.

! Improper \spacefactor.
\save@sf@q ...@SF {\spacefactor \the \spacefactor 
                                                  }#1\@SF \endgroup 
l.48 ...≥–æ –æ–±—Å–ª—É–∂–∏–≤–∞–Ω–∏—è –±–µ–∑ –±—É—Ñ
                                                  –µ—Ä–∞.
You can refer to \spacefactor only in horizontal mode;
you can refer to \prevdepth only in vertical mode; and
neither of these is meaningful inside \write. So
I'm forgetting what you said and using zero instead.

! You can't use `\spacefactor' in math mode.
\@SF ->\spacefactor 
                    0
l.48 ...≥–æ –æ–±—Å–ª—É–∂–∏–≤–∞–Ω–∏—è –±–µ–∑ –±—É—Ñ
                                                  –µ—Ä–∞.
Sorry, but I'm not programmed to handle this case;
I'll just pretend that you didn't ask for it.
If you're in the wrong mode, you might be able to
return to the right one by typing `I}' or `I$' or `I\par'.


LaTeX Warning: Command \CYRR invalid in math mode on input line 48.


! LaTeX Error: Command \CYRR unavailable in encoding OT1.

See the LaTeX manual or LaTeX Companion for explanation.
Type  H <return>  for immediate help.
 ...                                              
                                                  
l.48 ...–æ –æ–±—Å–ª—É–∂–∏–≤–∞–Ω–∏—è –±–µ–∑ –±—É—Ñ–
                                                  µ—Ä–∞.
Your command was ignored.
Type  I <command> <return>  to replace it with another command,
or  <return>  to continue without it.


LaTeX Warning: Command \CYRS invalid in math mode on input line 48.


! LaTeX Error: Command \CYRS unavailable in encoding OT1.

See the LaTeX manual or LaTeX Companion for explanation.
Type  H <return>  for immediate help.
 ...                                              
                                                  
l.48 ... –æ–±—Å–ª—É–∂–∏–≤–∞–Ω–∏—è –±–µ–∑ –±—É—Ñ–µ—
                                                  Ä–∞.
Your command was ignored.
Type  I <command> <return>  to replace it with another command,
or  <return>  to continue without it.


LaTeX Warning: Command \CYRDJE invalid in math mode on input line 48.


! LaTeX Error: Command \CYRDJE unavailable in encoding OT1.

See the LaTeX manual or LaTeX Companion for explanation.
Type  H <return>  for immediate help.
 ...                                              
                                                  
l.48 ...–æ–±—Å–ª—É–∂–∏–≤–∞–Ω–∏—è –±–µ–∑ –±—É—Ñ–µ—Ä
                                                  –∞.
Your command was ignored.
Type  I <command> <return>  to replace it with another command,
or  <return>  to continue without it.


LaTeX Warning: Command \CYRR invalid in math mode on input line 48.


! LaTeX Error: Command \CYRR unavailable in encoding OT1.

See the LaTeX manual or LaTeX Companion for explanation.
Type  H <return>  for immediate help.
 ...                                              
                                                  
l.48 ...æ–±—Å–ª—É–∂–∏–≤–∞–Ω–∏—è –±–µ–∑ –±—É—Ñ–µ—Ä–
                                                  ∞.
Your command was ignored.
Type  I <command> <return>  to replace it with another command,
or  <return>  to continue without it.


LaTeX Warning: Command \textdegree invalid in math mode on input line 48.


LaTeX Warning: Command \CYRR invalid in math mode on input line 49.


! LaTeX Error: Command \CYRR unavailable in encoding OT1.

See the LaTeX manual or LaTeX Companion for explanation.
Type  H <return>  for immediate help.
 ...                                              
                                                  
l.49 	–
       ó–∞–ø—Ä–æ—Å—ã —Ä–∞–∑–Ω—ã—Ö —Ç–∏–ø–æ–≤ –ø–æ—Å—Ç—É–ø–∞—é—Ç –≤ $MMAP$ -–...

Your command was ignored.
Type  I <command> <return>  to replace it with another command,
or  <return>  to continue without it.


LaTeX Warning: Command \textemdash invalid in math mode on input line 49.


LaTeX Warning: Command \CYRR invalid in math mode on input line 49.


! LaTeX Error: Command \CYRR unavailable in encoding OT1.

See the LaTeX manual or LaTeX Companion for explanation.
Type  H <return>  for immediate help.
 ...                                              
                                                  
l.49 	–ó–
         ∞–ø—Ä–æ—Å—ã —Ä–∞–∑–Ω—ã—Ö —Ç–∏–ø–æ–≤ –ø–æ—Å—Ç—É–ø–∞—é—Ç –≤ $MMAP$ -–...

Your command was ignored.
Type  I <command> <return>  to replace it with another command,
or  <return>  to continue without it.


LaTeX Warning: Command \textdegree invalid in math mode on input line 49.


LaTeX Warning: Command \CYRR invalid in math mode on input line 49.


! LaTeX Error: Command \CYRR unavailable in encoding OT1.

See the LaTeX manual or LaTeX Companion for explanation.
Type  H <return>  for immediate help.
 ...                                              
                                                  
l.49 	–ó–∞–
           ø—Ä–æ—Å—ã —Ä–∞–∑–Ω—ã—Ö —Ç–∏–ø–æ–≤ –ø–æ—Å—Ç—É–ø–∞—é—Ç –≤ $MMAP$ -–...

Your command was ignored.
Type  I <command> <return>  to replace it with another command,
or  <return>  to continue without it.


LaTeX Warning: Command \cyryi invalid in math mode on input line 49.


! LaTeX Error: Command \cyryi unavailable in encoding OT1.

See the LaTeX manual or LaTeX Companion for explanation.
Type  H <return>  for immediate help.
 ...                                              
                                                  
l.49 	–ó–∞–ø
            —Ä–æ—Å—ã —Ä–∞–∑–Ω—ã—Ö —Ç–∏–ø–æ–≤ –ø–æ—Å—Ç—É–ø–∞—é—Ç –≤ $MMAP$ -–...

Your command was ignored.
Type  I <command> <return>  to replace it with another command,
or  <return>  to continue without it.


LaTeX Warning: Command \CYRS invalid in math mode on input line 49.


! LaTeX Error: Command \CYRS unavailable in encoding OT1.

See the LaTeX manual or LaTeX Companion for explanation.
Type  H <return>  for immediate help.
 ...                                              
                                                  
l.49 	–ó–∞–ø—
             Ä–æ—Å—ã —Ä–∞–∑–Ω—ã—Ö —Ç–∏–ø–æ–≤ –ø–æ—Å—Ç—É–ø–∞—é—Ç –≤ $MMAP$ -–...

Your command was ignored.
Type  I <command> <return>  to replace it with another command,
or  <return>  to continue without it.


LaTeX Warning: Command \CYRDJE invalid in math mode on input line 49.


! LaTeX Error: Command \CYRDJE unavailable in encoding OT1.

See the LaTeX manual or LaTeX Companion for explanation.
Type  H <return>  for immediate help.
 ...                                              
                                                  
l.49 	–ó–∞–ø—Ä
              –æ—Å—ã —Ä–∞–∑–Ω—ã—Ö —Ç–∏–ø–æ–≤ –ø–æ—Å—Ç—É–ø–∞—é—Ç –≤ $MMAP$ -–...

Your command was ignored.
Type  I <command> <return>  to replace it with another command,
or  <return>  to continue without it.


LaTeX Warning: Command \CYRR invalid in math mode on input line 49.


! LaTeX Error: Command \CYRR unavailable in encoding OT1.

See the LaTeX manual or LaTeX Companion for explanation.
Type  H <return>  for immediate help.
 ...                                              
                                                  
l.49 	–ó–∞–ø—Ä–
               æ—Å—ã —Ä–∞–∑–Ω—ã—Ö —Ç–∏–ø–æ–≤ –ø–æ—Å—Ç—É–ø–∞—é—Ç –≤ $MMAP$ -–...

Your command was ignored.
Type  I <command> <return>  to replace it with another command,
or  <return>  to continue without it.


LaTeX Warning: Command \cyrdze invalid in math mode on input line 49.


! LaTeX Error: Command \cyrdze unavailable in encoding OT1.

See the LaTeX manual or LaTeX Companion for explanation.
Type  H <return>  for immediate help.
 ...                                              
                                                  
l.49 	–ó–∞–ø—Ä–æ
                —Å—ã —Ä–∞–∑–Ω—ã—Ö —Ç–∏–ø–æ–≤ –ø–æ—Å—Ç—É–ø–∞—é—Ç –≤ $MMAP$ -–...

Your command was ignored.
Type  I <command> <return>  to replace it with another command,
or  <return>  to continue without it.


LaTeX Warning: Command \CYRS invalid in math mode on input line 49.


! LaTeX Error: Command \CYRS unavailable in encoding OT1.

See the LaTeX manual or LaTeX Companion for explanation.
Type  H <return>  for immediate help.
 ...                                              
                                                  
l.49 	–ó–∞–ø—Ä–æ—
                 Å—ã —Ä–∞–∑–Ω—ã—Ö —Ç–∏–ø–æ–≤ –ø–æ—Å—Ç—É–ø–∞—é—Ç –≤ $MMAP$ -–...

Your command was ignored.
Type  I <command> <return>  to replace it with another command,
or  <return>  to continue without it.


LaTeX Warning: Command \' invalid in math mode on input line 49.


! LaTeX Error: Command \CYRG unavailable in encoding OT1.

See the LaTeX manual or LaTeX Companion for explanation.
Type  H <return>  for immediate help.
 ...                                              
                                                  
l.49 	–ó–∞–ø—Ä–æ—Å
                  —ã —Ä–∞–∑–Ω—ã—Ö —Ç–∏–ø–æ–≤ –ø–æ—Å—Ç—É–ø–∞—é—Ç –≤ $MMAP$ -–...

Your command was ignored.
Type  I <command> <return>  to replace it with another command,
or  <return>  to continue without it.

! Please use \mathaccent for accents in math mode.
\add@accent ...@spacefactor \spacefactor }\accent 
                                                  #1 #2\egroup \spacefactor ...
l.49 	–ó–∞–ø—Ä–æ—Å
                  —ã —Ä–∞–∑–Ω—ã—Ö —Ç–∏–ø–æ–≤ –ø–æ—Å—Ç—É–ø–∞—é—Ç –≤ $MMAP$ -–...
(That makes 100 errors; please try again.) 
Here is how much of TeX's memory you used:
 4045 strings out of 492649
 54591 string characters out of 6129621
 125770 words of memory out of 5000000
 7887 multiletter control sequences out of 15000+600000
 14099 words of font info for 46 fonts, out of 8000000 for 9000
 1141 hyphenation exceptions out of 8191
 36i,10n,38p,232b,152s stack positions out of 5000i,500n,10000p,200000b,80000s

!  ==> Fatal error occurred, no output PDF file produced!
